{"C:\\Users\\nadav\\OneDrive\\Desktop\\Interactive Comments Section\\Client\\__mocks__\\react-router-dom.jsx": {"path":"C:\\Users\\nadav\\OneDrive\\Desktop\\Interactive Comments Section\\Client\\__mocks__\\react-router-dom.jsx","all":false,"statementMap":{"0":{"start":{"line":1,"column":0},"end":{"line":1,"column":26}},"1":{"start":{"line":2,"column":0},"end":{"line":2,"column":28}},"2":{"start":{"line":3,"column":0},"end":{"line":3,"column":60}},"3":{"start":{"line":4,"column":0},"end":{"line":4,"column":55}},"4":{"start":{"line":5,"column":0},"end":{"line":5,"column":0}},"5":{"start":{"line":6,"column":0},"end":{"line":6,"column":69}},"6":{"start":{"line":7,"column":0},"end":{"line":7,"column":54}},"7":{"start":{"line":8,"column":0},"end":{"line":8,"column":48}},"8":{"start":{"line":9,"column":0},"end":{"line":9,"column":0}},"9":{"start":{"line":10,"column":0},"end":{"line":10,"column":33}}},"s":{"0":1,"1":1,"2":1,"3":1,"4":1,"5":1,"6":1,"7":1,"8":1,"9":1},"branchMap":{"0":{"type":"branch","line":7,"loc":{"start":{"line":7,"column":25},"end":{"line":7,"column":54}},"locations":[{"start":{"line":7,"column":25},"end":{"line":7,"column":54}}]}},"b":{"0":[56]},"fnMap":{"0":{"name":"useNavigate","decl":{"start":{"line":7,"column":25},"end":{"line":7,"column":54}},"loc":{"start":{"line":7,"column":25},"end":{"line":7,"column":54}},"line":7},"1":{"name":"useParams","decl":{"start":{"line":8,"column":23},"end":{"line":8,"column":48}},"loc":{"start":{"line":8,"column":23},"end":{"line":8,"column":48}},"line":8}},"f":{"0":56,"1":0}}
,"C:\\Users\\nadav\\OneDrive\\Desktop\\Interactive Comments Section\\Client\\src\\App.jsx": {"path":"C:\\Users\\nadav\\OneDrive\\Desktop\\Interactive Comments Section\\Client\\src\\App.jsx","all":false,"statementMap":{"0":{"start":{"line":1,"column":0},"end":{"line":1,"column":26}},"1":{"start":{"line":2,"column":0},"end":{"line":2,"column":71}},"2":{"start":{"line":3,"column":0},"end":{"line":3,"column":41}},"3":{"start":{"line":4,"column":0},"end":{"line":4,"column":44}},"4":{"start":{"line":5,"column":0},"end":{"line":5,"column":44}},"5":{"start":{"line":6,"column":0},"end":{"line":6,"column":50}},"6":{"start":{"line":7,"column":0},"end":{"line":7,"column":50}},"7":{"start":{"line":8,"column":0},"end":{"line":8,"column":71}},"8":{"start":{"line":9,"column":0},"end":{"line":9,"column":49}},"9":{"start":{"line":10,"column":0},"end":{"line":10,"column":0}},"10":{"start":{"line":11,"column":0},"end":{"line":11,"column":74}},"11":{"start":{"line":12,"column":0},"end":{"line":12,"column":48}},"12":{"start":{"line":13,"column":0},"end":{"line":13,"column":35}},"13":{"start":{"line":14,"column":0},"end":{"line":14,"column":49}},"14":{"start":{"line":15,"column":0},"end":{"line":15,"column":46}},"15":{"start":{"line":16,"column":0},"end":{"line":16,"column":46}},"16":{"start":{"line":17,"column":0},"end":{"line":17,"column":34}},"17":{"start":{"line":18,"column":0},"end":{"line":18,"column":0}},"18":{"start":{"line":19,"column":0},"end":{"line":19,"column":0}},"19":{"start":{"line":20,"column":0},"end":{"line":20,"column":100}},"20":{"start":{"line":21,"column":0},"end":{"line":21,"column":0}},"21":{"start":{"line":22,"column":0},"end":{"line":22,"column":0}},"22":{"start":{"line":23,"column":0},"end":{"line":23,"column":0}},"23":{"start":{"line":24,"column":0},"end":{"line":24,"column":20}},"24":{"start":{"line":25,"column":0},"end":{"line":25,"column":0}},"25":{"start":{"line":26,"column":0},"end":{"line":26,"column":2}},"26":{"start":{"line":27,"column":0},"end":{"line":27,"column":112}},"27":{"start":{"line":28,"column":0},"end":{"line":28,"column":71}},"28":{"start":{"line":29,"column":0},"end":{"line":29,"column":111}},"29":{"start":{"line":30,"column":0},"end":{"line":30,"column":57}},"30":{"start":{"line":31,"column":0},"end":{"line":31,"column":90}},"31":{"start":{"line":32,"column":0},"end":{"line":32,"column":0}},"32":{"start":{"line":33,"column":0},"end":{"line":33,"column":29}},"33":{"start":{"line":34,"column":0},"end":{"line":34,"column":2}},"34":{"start":{"line":35,"column":0},"end":{"line":35,"column":16}},"35":{"start":{"line":36,"column":0},"end":{"line":36,"column":28}},"36":{"start":{"line":37,"column":0},"end":{"line":37,"column":40}},"37":{"start":{"line":38,"column":0},"end":{"line":38,"column":0}},"38":{"start":{"line":39,"column":0},"end":{"line":39,"column":19}},"39":{"start":{"line":40,"column":0},"end":{"line":40,"column":0}},"40":{"start":{"line":41,"column":0},"end":{"line":41,"column":0}},"41":{"start":{"line":42,"column":0},"end":{"line":42,"column":34}},"42":{"start":{"line":43,"column":0},"end":{"line":43,"column":16}},"43":{"start":{"line":44,"column":0},"end":{"line":44,"column":19}},"44":{"start":{"line":45,"column":0},"end":{"line":45,"column":8}},"45":{"start":{"line":46,"column":0},"end":{"line":46,"column":24}},"46":{"start":{"line":47,"column":0},"end":{"line":47,"column":40}},"47":{"start":{"line":48,"column":0},"end":{"line":48,"column":46}},"48":{"start":{"line":49,"column":0},"end":{"line":49,"column":61}},"49":{"start":{"line":50,"column":0},"end":{"line":50,"column":0}},"50":{"start":{"line":51,"column":0},"end":{"line":51,"column":65}},"51":{"start":{"line":52,"column":0},"end":{"line":52,"column":112}},"52":{"start":{"line":53,"column":0},"end":{"line":53,"column":39}},"53":{"start":{"line":54,"column":0},"end":{"line":54,"column":20}},"54":{"start":{"line":55,"column":0},"end":{"line":55,"column":28}},"55":{"start":{"line":56,"column":0},"end":{"line":56,"column":13}},"56":{"start":{"line":57,"column":0},"end":{"line":57,"column":18}},"57":{"start":{"line":58,"column":0},"end":{"line":58,"column":48}},"58":{"start":{"line":59,"column":0},"end":{"line":59,"column":26}},"59":{"start":{"line":60,"column":0},"end":{"line":60,"column":18}},"60":{"start":{"line":61,"column":0},"end":{"line":61,"column":9}},"61":{"start":{"line":62,"column":0},"end":{"line":62,"column":37}},"62":{"start":{"line":63,"column":0},"end":{"line":63,"column":7}},"63":{"start":{"line":64,"column":0},"end":{"line":64,"column":6}},"64":{"start":{"line":65,"column":0},"end":{"line":65,"column":4}},"65":{"start":{"line":66,"column":0},"end":{"line":66,"column":0}},"66":{"start":{"line":67,"column":0},"end":{"line":67,"column":37}},"67":{"start":{"line":68,"column":0},"end":{"line":68,"column":15}},"68":{"start":{"line":69,"column":0},"end":{"line":69,"column":56}},"69":{"start":{"line":70,"column":0},"end":{"line":70,"column":0}},"70":{"start":{"line":71,"column":0},"end":{"line":71,"column":61}},"71":{"start":{"line":72,"column":0},"end":{"line":72,"column":108}},"72":{"start":{"line":73,"column":0},"end":{"line":73,"column":9}},"73":{"start":{"line":74,"column":0},"end":{"line":74,"column":7}},"74":{"start":{"line":75,"column":0},"end":{"line":75,"column":5}},"75":{"start":{"line":76,"column":0},"end":{"line":76,"column":0}},"76":{"start":{"line":77,"column":0},"end":{"line":77,"column":21}},"77":{"start":{"line":78,"column":0},"end":{"line":78,"column":4}},"78":{"start":{"line":79,"column":0},"end":{"line":79,"column":9}},"79":{"start":{"line":80,"column":0},"end":{"line":80,"column":10}},"80":{"start":{"line":81,"column":0},"end":{"line":81,"column":12}},"81":{"start":{"line":82,"column":0},"end":{"line":82,"column":45}},"82":{"start":{"line":83,"column":0},"end":{"line":83,"column":18}},"83":{"start":{"line":84,"column":0},"end":{"line":84,"column":66}},"84":{"start":{"line":85,"column":0},"end":{"line":85,"column":82}},"85":{"start":{"line":86,"column":0},"end":{"line":86,"column":82}},"86":{"start":{"line":87,"column":0},"end":{"line":87,"column":86}},"87":{"start":{"line":88,"column":0},"end":{"line":88,"column":125}},"88":{"start":{"line":89,"column":0},"end":{"line":89,"column":85}},"89":{"start":{"line":90,"column":0},"end":{"line":90,"column":98}},"90":{"start":{"line":91,"column":0},"end":{"line":91,"column":19}},"91":{"start":{"line":92,"column":0},"end":{"line":92,"column":14}},"92":{"start":{"line":93,"column":0},"end":{"line":93,"column":13}},"93":{"start":{"line":94,"column":0},"end":{"line":94,"column":3}},"94":{"start":{"line":95,"column":0},"end":{"line":95,"column":1}},"95":{"start":{"line":96,"column":0},"end":{"line":96,"column":0}},"96":{"start":{"line":97,"column":0},"end":{"line":97,"column":18}}},"s":{"0":1,"1":1,"2":1,"3":1,"4":1,"5":1,"6":1,"7":1,"8":1,"9":1,"10":1,"11":1,"12":1,"13":1,"14":1,"15":1,"16":1,"17":1,"18":1,"19":1,"20":1,"21":1,"22":1,"23":1,"24":1,"25":1,"26":1,"27":1,"28":1,"29":1,"30":1,"31":1,"32":1,"33":1,"34":2,"35":2,"36":2,"37":2,"38":2,"39":1,"40":1,"41":1,"42":1,"43":0,"44":0,"45":1,"46":0,"47":0,"48":0,"49":0,"50":0,"51":0,"52":0,"53":0,"54":0,"55":0,"56":0,"57":0,"58":0,"59":0,"60":0,"61":0,"62":0,"63":1,"64":1,"65":1,"66":1,"67":1,"68":0,"69":0,"70":0,"71":0,"72":0,"73":0,"74":1,"75":1,"76":1,"77":1,"78":2,"79":2,"80":2,"81":2,"82":2,"83":2,"84":2,"85":2,"86":2,"87":2,"88":2,"89":2,"90":2,"91":2,"92":2,"93":2,"94":2,"95":1,"96":1},"branchMap":{"0":{"type":"branch","line":35,"loc":{"start":{"line":35,"column":0},"end":{"line":95,"column":1}},"locations":[{"start":{"line":35,"column":0},"end":{"line":95,"column":1}}]},"1":{"type":"branch","line":39,"loc":{"start":{"line":39,"column":12},"end":{"line":79,"column":6}},"locations":[{"start":{"line":39,"column":12},"end":{"line":79,"column":6}}]},"2":{"type":"branch","line":67,"loc":{"start":{"line":67,"column":4},"end":{"line":75,"column":5}},"locations":[{"start":{"line":67,"column":4},"end":{"line":75,"column":5}}]},"3":{"type":"branch","line":68,"loc":{"start":{"line":68,"column":14},"end":{"line":74,"column":7}},"locations":[{"start":{"line":68,"column":14},"end":{"line":74,"column":7}}]}},"b":{"0":[2],"1":[1],"2":[1],"3":[0]},"fnMap":{"0":{"name":"App","decl":{"start":{"line":35,"column":0},"end":{"line":95,"column":1}},"loc":{"start":{"line":35,"column":0},"end":{"line":95,"column":1}},"line":35},"1":{"name":"isAuthenticated","decl":{"start":{"line":67,"column":4},"end":{"line":75,"column":5}},"loc":{"start":{"line":67,"column":4},"end":{"line":75,"column":5}},"line":67}},"f":{"0":2,"1":1}}
,"C:\\Users\\nadav\\OneDrive\\Desktop\\Interactive Comments Section\\Client\\src\\FakeData.js": {"path":"C:\\Users\\nadav\\OneDrive\\Desktop\\Interactive Comments Section\\Client\\src\\FakeData.js","all":false,"statementMap":{"0":{"start":{"line":1,"column":0},"end":{"line":1,"column":77}},"1":{"start":{"line":2,"column":0},"end":{"line":2,"column":0}},"2":{"start":{"line":3,"column":0},"end":{"line":3,"column":83}},"3":{"start":{"line":4,"column":0},"end":{"line":4,"column":37}},"4":{"start":{"line":5,"column":0},"end":{"line":5,"column":46}},"5":{"start":{"line":6,"column":0},"end":{"line":6,"column":26}},"6":{"start":{"line":7,"column":0},"end":{"line":7,"column":5}},"7":{"start":{"line":8,"column":0},"end":{"line":8,"column":0}},"8":{"start":{"line":9,"column":0},"end":{"line":9,"column":33}},"9":{"start":{"line":10,"column":0},"end":{"line":10,"column":58}},"10":{"start":{"line":11,"column":0},"end":{"line":11,"column":56}},"11":{"start":{"line":12,"column":0},"end":{"line":12,"column":56}},"12":{"start":{"line":13,"column":0},"end":{"line":13,"column":65}},"13":{"start":{"line":14,"column":0},"end":{"line":14,"column":36}},"14":{"start":{"line":15,"column":0},"end":{"line":15,"column":53}},"15":{"start":{"line":16,"column":0},"end":{"line":16,"column":18}},"16":{"start":{"line":17,"column":0},"end":{"line":17,"column":18}},"17":{"start":{"line":18,"column":0},"end":{"line":18,"column":45}},"18":{"start":{"line":19,"column":0},"end":{"line":19,"column":5}},"19":{"start":{"line":20,"column":0},"end":{"line":20,"column":2}},"20":{"start":{"line":21,"column":0},"end":{"line":21,"column":43}},"21":{"start":{"line":22,"column":0},"end":{"line":22,"column":49}},"22":{"start":{"line":23,"column":0},"end":{"line":23,"column":88}},"23":{"start":{"line":24,"column":0},"end":{"line":24,"column":90}},"24":{"start":{"line":25,"column":0},"end":{"line":25,"column":12}},"25":{"start":{"line":26,"column":0},"end":{"line":26,"column":30}},"26":{"start":{"line":27,"column":0},"end":{"line":27,"column":30}},"27":{"start":{"line":28,"column":0},"end":{"line":28,"column":65}},"28":{"start":{"line":29,"column":0},"end":{"line":29,"column":62}},"29":{"start":{"line":30,"column":0},"end":{"line":30,"column":19}},"30":{"start":{"line":31,"column":0},"end":{"line":31,"column":25}},"31":{"start":{"line":32,"column":0},"end":{"line":32,"column":45}},"32":{"start":{"line":33,"column":0},"end":{"line":33,"column":15}},"33":{"start":{"line":34,"column":0},"end":{"line":34,"column":32}},"34":{"start":{"line":35,"column":0},"end":{"line":35,"column":26}},"35":{"start":{"line":36,"column":0},"end":{"line":36,"column":26}},"36":{"start":{"line":37,"column":0},"end":{"line":37,"column":22}},"37":{"start":{"line":38,"column":0},"end":{"line":38,"column":8}},"38":{"start":{"line":39,"column":0},"end":{"line":39,"column":6}},"39":{"start":{"line":40,"column":0},"end":{"line":40,"column":4}},"40":{"start":{"line":41,"column":0},"end":{"line":41,"column":0}},"41":{"start":{"line":42,"column":0},"end":{"line":42,"column":44}},"42":{"start":{"line":43,"column":0},"end":{"line":43,"column":49}},"43":{"start":{"line":44,"column":0},"end":{"line":44,"column":88}},"44":{"start":{"line":45,"column":0},"end":{"line":45,"column":90}},"45":{"start":{"line":46,"column":0},"end":{"line":46,"column":12}},"46":{"start":{"line":47,"column":0},"end":{"line":47,"column":31}},"47":{"start":{"line":48,"column":0},"end":{"line":48,"column":30}},"48":{"start":{"line":49,"column":0},"end":{"line":49,"column":24}},"49":{"start":{"line":50,"column":0},"end":{"line":50,"column":65}},"50":{"start":{"line":51,"column":0},"end":{"line":51,"column":62}},"51":{"start":{"line":52,"column":0},"end":{"line":52,"column":19}},"52":{"start":{"line":53,"column":0},"end":{"line":53,"column":25}},"53":{"start":{"line":54,"column":0},"end":{"line":54,"column":45}},"54":{"start":{"line":55,"column":0},"end":{"line":55,"column":61}},"55":{"start":{"line":56,"column":0},"end":{"line":56,"column":15}},"56":{"start":{"line":57,"column":0},"end":{"line":57,"column":32}},"57":{"start":{"line":58,"column":0},"end":{"line":58,"column":26}},"58":{"start":{"line":59,"column":0},"end":{"line":59,"column":26}},"59":{"start":{"line":60,"column":0},"end":{"line":60,"column":22}},"60":{"start":{"line":61,"column":0},"end":{"line":61,"column":8}},"61":{"start":{"line":62,"column":0},"end":{"line":62,"column":6}},"62":{"start":{"line":63,"column":0},"end":{"line":63,"column":4}},"63":{"start":{"line":64,"column":0},"end":{"line":64,"column":0}},"64":{"start":{"line":65,"column":0},"end":{"line":65,"column":44}},"65":{"start":{"line":66,"column":0},"end":{"line":66,"column":113}},"66":{"start":{"line":67,"column":0},"end":{"line":67,"column":115}},"67":{"start":{"line":68,"column":0},"end":{"line":68,"column":91}},"68":{"start":{"line":69,"column":0},"end":{"line":69,"column":56}},"69":{"start":{"line":70,"column":0},"end":{"line":70,"column":58}},"70":{"start":{"line":71,"column":0},"end":{"line":71,"column":49}},"71":{"start":{"line":72,"column":0},"end":{"line":72,"column":51}}},"s":{"0":1,"1":1,"2":1,"3":61969,"4":61969,"5":61969,"6":1,"7":1,"8":1,"9":38,"10":38,"11":38,"12":38,"13":38,"14":38,"15":38,"16":38,"17":38,"18":1,"19":1,"20":1,"21":122,"22":122,"23":122,"24":122,"25":122,"26":122,"27":122,"28":122,"29":122,"30":122,"31":122,"32":122,"33":122,"34":122,"35":122,"36":122,"37":122,"38":122,"39":1,"40":1,"41":1,"42":122,"43":122,"44":122,"45":122,"46":122,"47":122,"48":122,"49":122,"50":122,"51":122,"52":122,"53":122,"54":122,"55":122,"56":122,"57":122,"58":122,"59":122,"60":122,"61":122,"62":1,"63":1,"64":1,"65":1,"66":1,"67":1,"68":1,"69":1,"70":1,"71":1},"branchMap":{"0":{"type":"branch","line":3,"loc":{"start":{"line":3,"column":15},"end":{"line":7,"column":4}},"locations":[{"start":{"line":3,"column":15},"end":{"line":7,"column":4}}]},"1":{"type":"branch","line":3,"loc":{"start":{"line":3,"column":77},"end":{"line":7,"column":3}},"locations":[{"start":{"line":3,"column":77},"end":{"line":7,"column":3}}]},"2":{"type":"branch","line":5,"loc":{"start":{"line":5,"column":24},"end":{"line":5,"column":27}},"locations":[{"start":{"line":5,"column":24},"end":{"line":5,"column":27}}]},"3":{"type":"branch","line":5,"loc":{"start":{"line":5,"column":28},"end":{"line":5,"column":45}},"locations":[{"start":{"line":5,"column":28},"end":{"line":5,"column":45}}]},"4":{"type":"branch","line":9,"loc":{"start":{"line":9,"column":25},"end":{"line":19,"column":4}},"locations":[{"start":{"line":9,"column":25},"end":{"line":19,"column":4}}]},"5":{"type":"branch","line":15,"loc":{"start":{"line":15,"column":33},"end":{"line":15,"column":44}},"locations":[{"start":{"line":15,"column":33},"end":{"line":15,"column":44}}]},"6":{"type":"branch","line":15,"loc":{"start":{"line":15,"column":45},"end":{"line":15,"column":52}},"locations":[{"start":{"line":15,"column":45},"end":{"line":15,"column":52}}]},"7":{"type":"branch","line":21,"loc":{"start":{"line":21,"column":27},"end":{"line":40,"column":3}},"locations":[{"start":{"line":21,"column":27},"end":{"line":40,"column":3}}]},"8":{"type":"branch","line":22,"loc":{"start":{"line":22,"column":27},"end":{"line":22,"column":48}},"locations":[{"start":{"line":22,"column":27},"end":{"line":22,"column":48}}]},"9":{"type":"branch","line":23,"loc":{"start":{"line":23,"column":73},"end":{"line":23,"column":87}},"locations":[{"start":{"line":23,"column":73},"end":{"line":23,"column":87}}]},"10":{"type":"branch","line":24,"loc":{"start":{"line":24,"column":75},"end":{"line":24,"column":89}},"locations":[{"start":{"line":24,"column":75},"end":{"line":24,"column":89}}]},"11":{"type":"branch","line":42,"loc":{"start":{"line":42,"column":28},"end":{"line":63,"column":3}},"locations":[{"start":{"line":42,"column":28},"end":{"line":63,"column":3}}]},"12":{"type":"branch","line":43,"loc":{"start":{"line":43,"column":27},"end":{"line":43,"column":48}},"locations":[{"start":{"line":43,"column":27},"end":{"line":43,"column":48}}]},"13":{"type":"branch","line":44,"loc":{"start":{"line":44,"column":73},"end":{"line":44,"column":87}},"locations":[{"start":{"line":44,"column":73},"end":{"line":44,"column":87}}]},"14":{"type":"branch","line":45,"loc":{"start":{"line":45,"column":75},"end":{"line":45,"column":89}},"locations":[{"start":{"line":45,"column":75},"end":{"line":45,"column":89}}]},"15":{"type":"branch","line":66,"loc":{"start":{"line":66,"column":35},"end":{"line":66,"column":113}},"locations":[{"start":{"line":66,"column":35},"end":{"line":66,"column":113}}]},"16":{"type":"branch","line":66,"loc":{"start":{"line":66,"column":79},"end":{"line":66,"column":112}},"locations":[{"start":{"line":66,"column":79},"end":{"line":66,"column":112}}]},"17":{"type":"branch","line":67,"loc":{"start":{"line":67,"column":36},"end":{"line":67,"column":115}},"locations":[{"start":{"line":67,"column":36},"end":{"line":67,"column":115}}]},"18":{"type":"branch","line":67,"loc":{"start":{"line":67,"column":80},"end":{"line":67,"column":114}},"locations":[{"start":{"line":67,"column":80},"end":{"line":67,"column":114}}]},"19":{"type":"branch","line":68,"loc":{"start":{"line":68,"column":30},"end":{"line":68,"column":91}},"locations":[{"start":{"line":68,"column":30},"end":{"line":68,"column":91}}]}},"b":{"0":[1999],"1":[61969],"2":[59970],"3":[1999],"4":[38],"5":[21],"6":[17],"7":[122],"8":[26],"9":[529],"10":[255],"11":[122],"12":[6],"13":[528],"14":[245],"15":[3],"16":[90],"17":[3],"18":[110],"19":[2]},"fnMap":{"0":{"name":"uuidv4","decl":{"start":{"line":3,"column":15},"end":{"line":7,"column":4}},"loc":{"start":{"line":3,"column":15},"end":{"line":7,"column":4}},"line":3},"1":{"name":"generateFakeUser","decl":{"start":{"line":9,"column":25},"end":{"line":19,"column":4}},"loc":{"start":{"line":9,"column":25},"end":{"line":19,"column":4}},"line":9},"2":{"name":"generateFakePost","decl":{"start":{"line":21,"column":27},"end":{"line":40,"column":3}},"loc":{"start":{"line":21,"column":27},"end":{"line":40,"column":3}},"line":21},"3":{"name":"generateFakeReply","decl":{"start":{"line":42,"column":28},"end":{"line":63,"column":3}},"loc":{"start":{"line":42,"column":28},"end":{"line":63,"column":3}},"line":42},"4":{"name":"TEST_USER_POST_LIST","decl":{"start":{"line":66,"column":35},"end":{"line":66,"column":113}},"loc":{"start":{"line":66,"column":35},"end":{"line":66,"column":113}},"line":66},"5":{"name":"TEST_USER_REPLY_LIST","decl":{"start":{"line":67,"column":36},"end":{"line":67,"column":115}},"loc":{"start":{"line":67,"column":36},"end":{"line":67,"column":115}},"line":67},"6":{"name":"TEST_POST_LIST","decl":{"start":{"line":68,"column":30},"end":{"line":68,"column":91}},"loc":{"start":{"line":68,"column":30},"end":{"line":68,"column":91}},"line":68}},"f":{"0":1999,"1":38,"2":122,"3":122,"4":3,"5":3,"6":2}}
,"C:\\Users\\nadav\\OneDrive\\Desktop\\Interactive Comments Section\\Client\\src\\Api\\delete.js": {"path":"C:\\Users\\nadav\\OneDrive\\Desktop\\Interactive Comments Section\\Client\\src\\Api\\delete.js","all":false,"statementMap":{"0":{"start":{"line":1,"column":0},"end":{"line":1,"column":38}},"1":{"start":{"line":2,"column":0},"end":{"line":2,"column":0}},"2":{"start":{"line":3,"column":0},"end":{"line":3,"column":106}},"3":{"start":{"line":4,"column":0},"end":{"line":4,"column":53}},"4":{"start":{"line":5,"column":0},"end":{"line":5,"column":2}},"5":{"start":{"line":6,"column":0},"end":{"line":6,"column":99}},"6":{"start":{"line":7,"column":0},"end":{"line":7,"column":16}},"7":{"start":{"line":8,"column":0},"end":{"line":8,"column":51}},"8":{"start":{"line":9,"column":0},"end":{"line":9,"column":2}}},"s":{"0":1,"1":1,"2":1,"3":0,"4":0,"5":1,"6":0,"7":0,"8":0},"branchMap":{},"b":{},"fnMap":{"0":{"name":"deleteConversation","decl":{"start":{"line":3,"column":34},"end":{"line":5,"column":2}},"loc":{"start":{"line":3,"column":34},"end":{"line":5,"column":2}},"line":3},"1":{"name":"deleteReply","decl":{"start":{"line":6,"column":27},"end":{"line":9,"column":2}},"loc":{"start":{"line":6,"column":27},"end":{"line":9,"column":2}},"line":6}},"f":{"0":0,"1":0}}
,"C:\\Users\\nadav\\OneDrive\\Desktop\\Interactive Comments Section\\Client\\src\\Api\\get.js": {"path":"C:\\Users\\nadav\\OneDrive\\Desktop\\Interactive Comments Section\\Client\\src\\Api\\get.js","all":false,"statementMap":{"0":{"start":{"line":1,"column":0},"end":{"line":1,"column":38}},"1":{"start":{"line":2,"column":0},"end":{"line":2,"column":0}},"2":{"start":{"line":3,"column":0},"end":{"line":3,"column":0}},"3":{"start":{"line":4,"column":0},"end":{"line":4,"column":144}},"4":{"start":{"line":5,"column":0},"end":{"line":5,"column":253}},"5":{"start":{"line":6,"column":0},"end":{"line":6,"column":240}},"6":{"start":{"line":7,"column":0},"end":{"line":7,"column":58}},"7":{"start":{"line":8,"column":0},"end":{"line":8,"column":68}},"8":{"start":{"line":9,"column":0},"end":{"line":9,"column":65}}},"s":{"0":1,"1":1,"2":1,"3":1,"4":1,"5":1,"6":1,"7":1,"8":1},"branchMap":{},"b":{},"fnMap":{"0":{"name":"fetchConversations","decl":{"start":{"line":4,"column":34},"end":{"line":4,"column":144}},"loc":{"start":{"line":4,"column":34},"end":{"line":4,"column":144}},"line":4},"1":{"name":"fetchUserConversations","decl":{"start":{"line":5,"column":38},"end":{"line":5,"column":253}},"loc":{"start":{"line":5,"column":38},"end":{"line":5,"column":253}},"line":5},"2":{"name":"fetchUserReplies","decl":{"start":{"line":6,"column":32},"end":{"line":6,"column":240}},"loc":{"start":{"line":6,"column":32},"end":{"line":6,"column":240}},"line":6},"3":{"name":"fetchUser","decl":{"start":{"line":7,"column":25},"end":{"line":7,"column":58}},"loc":{"start":{"line":7,"column":25},"end":{"line":7,"column":58}},"line":7},"4":{"name":"fetchRefreshToken","decl":{"start":{"line":8,"column":33},"end":{"line":8,"column":68}},"loc":{"start":{"line":8,"column":33},"end":{"line":8,"column":68}},"line":8},"5":{"name":"fetchSignOutUser","decl":{"start":{"line":9,"column":31},"end":{"line":9,"column":65}},"loc":{"start":{"line":9,"column":31},"end":{"line":9,"column":65}},"line":9}},"f":{"0":0,"1":0,"2":0,"3":0,"4":0,"5":0}}
,"C:\\Users\\nadav\\OneDrive\\Desktop\\Interactive Comments Section\\Client\\src\\Api\\index.js": {"path":"C:\\Users\\nadav\\OneDrive\\Desktop\\Interactive Comments Section\\Client\\src\\Api\\index.js","all":false,"statementMap":{"0":{"start":{"line":1,"column":0},"end":{"line":1,"column":59}},"1":{"start":{"line":2,"column":0},"end":{"line":2,"column":86}},"2":{"start":{"line":3,"column":0},"end":{"line":3,"column":34}},"3":{"start":{"line":4,"column":0},"end":{"line":4,"column":71}},"4":{"start":{"line":5,"column":0},"end":{"line":5,"column":0}},"5":{"start":{"line":6,"column":0},"end":{"line":6,"column":39}},"6":{"start":{"line":7,"column":0},"end":{"line":7,"column":49}},"7":{"start":{"line":8,"column":0},"end":{"line":8,"column":108}},"8":{"start":{"line":9,"column":0},"end":{"line":9,"column":5}},"9":{"start":{"line":10,"column":0},"end":{"line":10,"column":14}},"10":{"start":{"line":11,"column":0},"end":{"line":11,"column":2}}},"s":{"0":1,"1":1,"2":1,"3":1,"4":1,"5":1,"6":1,"7":0,"8":0,"9":1,"10":1},"branchMap":{"0":{"type":"branch","line":6,"loc":{"start":{"line":6,"column":29},"end":{"line":11,"column":2}},"locations":[{"start":{"line":6,"column":29},"end":{"line":11,"column":2}}]},"1":{"type":"branch","line":7,"loc":{"start":{"line":7,"column":48},"end":{"line":9,"column":5}},"locations":[{"start":{"line":7,"column":48},"end":{"line":9,"column":5}}]}},"b":{"0":[1],"1":[0]},"fnMap":{},"f":{}}
,"C:\\Users\\nadav\\OneDrive\\Desktop\\Interactive Comments Section\\Client\\src\\Api\\post.js": {"path":"C:\\Users\\nadav\\OneDrive\\Desktop\\Interactive Comments Section\\Client\\src\\Api\\post.js","all":false,"statementMap":{"0":{"start":{"line":1,"column":0},"end":{"line":1,"column":38}},"1":{"start":{"line":2,"column":0},"end":{"line":2,"column":0}},"2":{"start":{"line":3,"column":0},"end":{"line":3,"column":0}},"3":{"start":{"line":4,"column":0},"end":{"line":4,"column":81}},"4":{"start":{"line":5,"column":0},"end":{"line":5,"column":51}},"5":{"start":{"line":6,"column":0},"end":{"line":6,"column":2}},"6":{"start":{"line":7,"column":0},"end":{"line":7,"column":102}},"7":{"start":{"line":8,"column":0},"end":{"line":8,"column":51}},"8":{"start":{"line":9,"column":0},"end":{"line":9,"column":2}},"9":{"start":{"line":10,"column":0},"end":{"line":10,"column":78}},"10":{"start":{"line":11,"column":0},"end":{"line":11,"column":51}},"11":{"start":{"line":12,"column":0},"end":{"line":12,"column":3}},"12":{"start":{"line":13,"column":0},"end":{"line":13,"column":78}},"13":{"start":{"line":14,"column":0},"end":{"line":14,"column":51}},"14":{"start":{"line":15,"column":0},"end":{"line":15,"column":3}},"15":{"start":{"line":16,"column":0},"end":{"line":16,"column":66}},"16":{"start":{"line":17,"column":0},"end":{"line":17,"column":51}},"17":{"start":{"line":18,"column":0},"end":{"line":18,"column":2}}},"s":{"0":1,"1":1,"2":1,"3":1,"4":0,"5":0,"6":1,"7":0,"8":0,"9":1,"10":0,"11":0,"12":1,"13":0,"14":0,"15":1,"16":1,"17":1},"branchMap":{"0":{"type":"branch","line":16,"loc":{"start":{"line":16,"column":25},"end":{"line":18,"column":2}},"locations":[{"start":{"line":16,"column":25},"end":{"line":18,"column":2}}]}},"b":{"0":[1]},"fnMap":{"0":{"name":"postConversation","decl":{"start":{"line":4,"column":32},"end":{"line":6,"column":2}},"loc":{"start":{"line":4,"column":32},"end":{"line":6,"column":2}},"line":4},"1":{"name":"postReply","decl":{"start":{"line":7,"column":25},"end":{"line":9,"column":2}},"loc":{"start":{"line":7,"column":25},"end":{"line":9,"column":2}},"line":7},"2":{"name":"postSigninUser","decl":{"start":{"line":10,"column":30},"end":{"line":12,"column":3}},"loc":{"start":{"line":10,"column":30},"end":{"line":12,"column":3}},"line":10},"3":{"name":"postSignupUser","decl":{"start":{"line":13,"column":30},"end":{"line":15,"column":3}},"loc":{"start":{"line":13,"column":30},"end":{"line":15,"column":3}},"line":13},"4":{"name":"postEmail","decl":{"start":{"line":16,"column":25},"end":{"line":18,"column":2}},"loc":{"start":{"line":16,"column":25},"end":{"line":18,"column":2}},"line":16}},"f":{"0":0,"1":0,"2":0,"3":0,"4":1}}
,"C:\\Users\\nadav\\OneDrive\\Desktop\\Interactive Comments Section\\Client\\src\\Api\\put.js": {"path":"C:\\Users\\nadav\\OneDrive\\Desktop\\Interactive Comments Section\\Client\\src\\Api\\put.js","all":false,"statementMap":{"0":{"start":{"line":1,"column":0},"end":{"line":1,"column":38}},"1":{"start":{"line":2,"column":0},"end":{"line":2,"column":0}},"2":{"start":{"line":3,"column":0},"end":{"line":3,"column":0}},"3":{"start":{"line":4,"column":0},"end":{"line":4,"column":117}},"4":{"start":{"line":5,"column":0},"end":{"line":5,"column":51}},"5":{"start":{"line":6,"column":0},"end":{"line":6,"column":2}},"6":{"start":{"line":7,"column":0},"end":{"line":7,"column":103}},"7":{"start":{"line":8,"column":0},"end":{"line":8,"column":51}},"8":{"start":{"line":9,"column":0},"end":{"line":9,"column":2}},"9":{"start":{"line":10,"column":0},"end":{"line":10,"column":127}},"10":{"start":{"line":11,"column":0},"end":{"line":11,"column":51}},"11":{"start":{"line":12,"column":0},"end":{"line":12,"column":2}},"12":{"start":{"line":13,"column":0},"end":{"line":13,"column":113}},"13":{"start":{"line":14,"column":0},"end":{"line":14,"column":51}},"14":{"start":{"line":15,"column":0},"end":{"line":15,"column":2}}},"s":{"0":1,"1":1,"2":1,"3":1,"4":0,"5":0,"6":1,"7":0,"8":0,"9":1,"10":0,"11":0,"12":1,"13":0,"14":0},"branchMap":{},"b":{},"fnMap":{"0":{"name":"updateConversation","decl":{"start":{"line":4,"column":34},"end":{"line":6,"column":2}},"loc":{"start":{"line":4,"column":34},"end":{"line":6,"column":2}},"line":4},"1":{"name":"updateReply","decl":{"start":{"line":7,"column":27},"end":{"line":9,"column":2}},"loc":{"start":{"line":7,"column":27},"end":{"line":9,"column":2}},"line":7},"2":{"name":"updateConversationLikes","decl":{"start":{"line":10,"column":39},"end":{"line":12,"column":2}},"loc":{"start":{"line":10,"column":39},"end":{"line":12,"column":2}},"line":10},"3":{"name":"updateReplyLikes","decl":{"start":{"line":13,"column":32},"end":{"line":15,"column":2}},"loc":{"start":{"line":13,"column":32},"end":{"line":15,"column":2}},"line":13}},"f":{"0":0,"1":0,"2":0,"3":0}}
,"C:\\Users\\nadav\\OneDrive\\Desktop\\Interactive Comments Section\\Client\\src\\Components\\Comment\\Comment.jsx": {"path":"C:\\Users\\nadav\\OneDrive\\Desktop\\Interactive Comments Section\\Client\\src\\Components\\Comment\\Comment.jsx","all":false,"statementMap":{"0":{"start":{"line":1,"column":0},"end":{"line":1,"column":94}},"1":{"start":{"line":2,"column":0},"end":{"line":2,"column":0}},"2":{"start":{"line":3,"column":0},"end":{"line":3,"column":57}},"3":{"start":{"line":4,"column":0},"end":{"line":4,"column":47}},"4":{"start":{"line":5,"column":0},"end":{"line":5,"column":0}},"5":{"start":{"line":6,"column":0},"end":{"line":6,"column":68}},"6":{"start":{"line":7,"column":0},"end":{"line":7,"column":69}},"7":{"start":{"line":8,"column":0},"end":{"line":8,"column":105}},"8":{"start":{"line":9,"column":0},"end":{"line":9,"column":0}},"9":{"start":{"line":10,"column":0},"end":{"line":10,"column":47}},"10":{"start":{"line":11,"column":0},"end":{"line":11,"column":46}},"11":{"start":{"line":12,"column":0},"end":{"line":12,"column":0}},"12":{"start":{"line":13,"column":0},"end":{"line":13,"column":0}},"13":{"start":{"line":14,"column":0},"end":{"line":14,"column":24}},"14":{"start":{"line":15,"column":0},"end":{"line":15,"column":0}},"15":{"start":{"line":16,"column":0},"end":{"line":16,"column":20}},"16":{"start":{"line":17,"column":0},"end":{"line":17,"column":111}},"17":{"start":{"line":18,"column":0},"end":{"line":18,"column":14}},"18":{"start":{"line":19,"column":0},"end":{"line":19,"column":15}},"19":{"start":{"line":20,"column":0},"end":{"line":20,"column":16}},"20":{"start":{"line":21,"column":0},"end":{"line":21,"column":17}},"21":{"start":{"line":22,"column":0},"end":{"line":22,"column":122}},"22":{"start":{"line":23,"column":0},"end":{"line":23,"column":0}},"23":{"start":{"line":24,"column":0},"end":{"line":24,"column":57}},"24":{"start":{"line":25,"column":0},"end":{"line":25,"column":55}},"25":{"start":{"line":26,"column":0},"end":{"line":26,"column":57}},"26":{"start":{"line":27,"column":0},"end":{"line":27,"column":46}},"27":{"start":{"line":28,"column":0},"end":{"line":28,"column":52}},"28":{"start":{"line":29,"column":0},"end":{"line":29,"column":82}},"29":{"start":{"line":30,"column":0},"end":{"line":30,"column":29}},"30":{"start":{"line":31,"column":0},"end":{"line":31,"column":70}},"31":{"start":{"line":32,"column":0},"end":{"line":32,"column":35}},"32":{"start":{"line":33,"column":0},"end":{"line":33,"column":0}},"33":{"start":{"line":34,"column":0},"end":{"line":34,"column":0}},"34":{"start":{"line":35,"column":0},"end":{"line":35,"column":21}},"35":{"start":{"line":36,"column":0},"end":{"line":36,"column":24}},"36":{"start":{"line":37,"column":0},"end":{"line":37,"column":44}},"37":{"start":{"line":38,"column":0},"end":{"line":38,"column":50}},"38":{"start":{"line":39,"column":0},"end":{"line":39,"column":27}},"39":{"start":{"line":40,"column":0},"end":{"line":40,"column":0}},"40":{"start":{"line":41,"column":0},"end":{"line":41,"column":63}},"41":{"start":{"line":42,"column":0},"end":{"line":42,"column":29}},"42":{"start":{"line":43,"column":0},"end":{"line":43,"column":9}},"43":{"start":{"line":44,"column":0},"end":{"line":44,"column":38}},"44":{"start":{"line":45,"column":0},"end":{"line":45,"column":37}},"45":{"start":{"line":46,"column":0},"end":{"line":46,"column":22}},"46":{"start":{"line":47,"column":0},"end":{"line":47,"column":37}},"47":{"start":{"line":48,"column":0},"end":{"line":48,"column":36}},"48":{"start":{"line":49,"column":0},"end":{"line":49,"column":22}},"49":{"start":{"line":50,"column":0},"end":{"line":50,"column":39}},"50":{"start":{"line":51,"column":0},"end":{"line":51,"column":37}},"51":{"start":{"line":52,"column":0},"end":{"line":52,"column":22}},"52":{"start":{"line":53,"column":0},"end":{"line":53,"column":9}},"53":{"start":{"line":54,"column":0},"end":{"line":54,"column":10}},"54":{"start":{"line":55,"column":0},"end":{"line":55,"column":0}},"55":{"start":{"line":56,"column":0},"end":{"line":56,"column":0}},"56":{"start":{"line":57,"column":0},"end":{"line":57,"column":0}},"57":{"start":{"line":58,"column":0},"end":{"line":58,"column":36}},"58":{"start":{"line":59,"column":0},"end":{"line":59,"column":0}},"59":{"start":{"line":60,"column":0},"end":{"line":60,"column":0}},"60":{"start":{"line":61,"column":0},"end":{"line":61,"column":4}},"61":{"start":{"line":62,"column":0},"end":{"line":62,"column":46}},"62":{"start":{"line":63,"column":0},"end":{"line":63,"column":57}},"63":{"start":{"line":64,"column":0},"end":{"line":64,"column":61}},"64":{"start":{"line":65,"column":0},"end":{"line":65,"column":0}},"65":{"start":{"line":66,"column":0},"end":{"line":66,"column":4}},"66":{"start":{"line":67,"column":0},"end":{"line":67,"column":48}},"67":{"start":{"line":68,"column":0},"end":{"line":68,"column":0}},"68":{"start":{"line":69,"column":0},"end":{"line":69,"column":42}},"69":{"start":{"line":70,"column":0},"end":{"line":70,"column":0}},"70":{"start":{"line":71,"column":0},"end":{"line":71,"column":40}},"71":{"start":{"line":72,"column":0},"end":{"line":72,"column":0}},"72":{"start":{"line":73,"column":0},"end":{"line":73,"column":61}},"73":{"start":{"line":74,"column":0},"end":{"line":74,"column":45}},"74":{"start":{"line":75,"column":0},"end":{"line":75,"column":18}},"75":{"start":{"line":76,"column":0},"end":{"line":76,"column":9}},"76":{"start":{"line":77,"column":0},"end":{"line":77,"column":67}},"77":{"start":{"line":78,"column":0},"end":{"line":78,"column":45}},"78":{"start":{"line":79,"column":0},"end":{"line":79,"column":18}},"79":{"start":{"line":80,"column":0},"end":{"line":80,"column":10}},"80":{"start":{"line":81,"column":0},"end":{"line":81,"column":0}},"81":{"start":{"line":82,"column":0},"end":{"line":82,"column":21}},"82":{"start":{"line":83,"column":0},"end":{"line":83,"column":0}},"83":{"start":{"line":84,"column":0},"end":{"line":84,"column":25}},"84":{"start":{"line":85,"column":0},"end":{"line":85,"column":41}},"85":{"start":{"line":86,"column":0},"end":{"line":86,"column":88}},"86":{"start":{"line":87,"column":0},"end":{"line":87,"column":26}},"87":{"start":{"line":88,"column":0},"end":{"line":88,"column":41}},"88":{"start":{"line":89,"column":0},"end":{"line":89,"column":99}},"89":{"start":{"line":90,"column":0},"end":{"line":90,"column":26}},"90":{"start":{"line":91,"column":0},"end":{"line":91,"column":13}},"91":{"start":{"line":92,"column":0},"end":{"line":92,"column":8}},"92":{"start":{"line":93,"column":0},"end":{"line":93,"column":0}},"93":{"start":{"line":94,"column":0},"end":{"line":94,"column":35}},"94":{"start":{"line":95,"column":0},"end":{"line":95,"column":68}},"95":{"start":{"line":96,"column":0},"end":{"line":96,"column":33}},"96":{"start":{"line":97,"column":0},"end":{"line":97,"column":13}},"97":{"start":{"line":98,"column":0},"end":{"line":98,"column":12}},"98":{"start":{"line":99,"column":0},"end":{"line":99,"column":68}},"99":{"start":{"line":100,"column":0},"end":{"line":100,"column":36}},"100":{"start":{"line":101,"column":0},"end":{"line":101,"column":13}},"101":{"start":{"line":102,"column":0},"end":{"line":102,"column":4}},"102":{"start":{"line":103,"column":0},"end":{"line":103,"column":84}},"103":{"start":{"line":104,"column":0},"end":{"line":104,"column":35}},"104":{"start":{"line":105,"column":0},"end":{"line":105,"column":13}},"105":{"start":{"line":106,"column":0},"end":{"line":106,"column":4}},"106":{"start":{"line":107,"column":0},"end":{"line":107,"column":81}},"107":{"start":{"line":108,"column":0},"end":{"line":108,"column":32}},"108":{"start":{"line":109,"column":0},"end":{"line":109,"column":13}},"109":{"start":{"line":110,"column":0},"end":{"line":110,"column":9}},"110":{"start":{"line":111,"column":0},"end":{"line":111,"column":0}},"111":{"start":{"line":112,"column":0},"end":{"line":112,"column":41}},"112":{"start":{"line":113,"column":0},"end":{"line":113,"column":5}},"113":{"start":{"line":114,"column":0},"end":{"line":114,"column":4}},"114":{"start":{"line":115,"column":0},"end":{"line":115,"column":22}},"115":{"start":{"line":116,"column":0},"end":{"line":116,"column":6}},"116":{"start":{"line":117,"column":0},"end":{"line":117,"column":41}},"117":{"start":{"line":118,"column":0},"end":{"line":118,"column":41}},"118":{"start":{"line":119,"column":0},"end":{"line":119,"column":72}},"119":{"start":{"line":120,"column":0},"end":{"line":120,"column":148}},"120":{"start":{"line":121,"column":0},"end":{"line":121,"column":92}},"121":{"start":{"line":122,"column":0},"end":{"line":122,"column":74}},"122":{"start":{"line":123,"column":0},"end":{"line":123,"column":69}},"123":{"start":{"line":124,"column":0},"end":{"line":124,"column":18}},"124":{"start":{"line":125,"column":0},"end":{"line":125,"column":0}},"125":{"start":{"line":126,"column":0},"end":{"line":126,"column":44}},"126":{"start":{"line":127,"column":0},"end":{"line":127,"column":63}},"127":{"start":{"line":128,"column":0},"end":{"line":128,"column":79}},"128":{"start":{"line":129,"column":0},"end":{"line":129,"column":57}},"129":{"start":{"line":130,"column":0},"end":{"line":130,"column":73}},"130":{"start":{"line":131,"column":0},"end":{"line":131,"column":67}},"131":{"start":{"line":132,"column":0},"end":{"line":132,"column":76}},"132":{"start":{"line":133,"column":0},"end":{"line":133,"column":16}},"133":{"start":{"line":134,"column":0},"end":{"line":134,"column":61}},"134":{"start":{"line":135,"column":0},"end":{"line":135,"column":45}},"135":{"start":{"line":136,"column":0},"end":{"line":136,"column":39}},"136":{"start":{"line":137,"column":0},"end":{"line":137,"column":0}},"137":{"start":{"line":138,"column":0},"end":{"line":138,"column":14}},"138":{"start":{"line":139,"column":0},"end":{"line":139,"column":0}},"139":{"start":{"line":140,"column":0},"end":{"line":140,"column":8}},"140":{"start":{"line":141,"column":0},"end":{"line":141,"column":39}},"141":{"start":{"line":142,"column":0},"end":{"line":142,"column":116}},"142":{"start":{"line":143,"column":0},"end":{"line":143,"column":96}},"143":{"start":{"line":144,"column":0},"end":{"line":144,"column":72}},"144":{"start":{"line":145,"column":0},"end":{"line":145,"column":26}},"145":{"start":{"line":146,"column":0},"end":{"line":146,"column":111}},"146":{"start":{"line":147,"column":0},"end":{"line":147,"column":92}},"147":{"start":{"line":148,"column":0},"end":{"line":148,"column":68}},"148":{"start":{"line":149,"column":0},"end":{"line":149,"column":26}},"149":{"start":{"line":150,"column":0},"end":{"line":150,"column":133}},"150":{"start":{"line":151,"column":0},"end":{"line":151,"column":94}},"151":{"start":{"line":152,"column":0},"end":{"line":152,"column":70}},"152":{"start":{"line":153,"column":0},"end":{"line":153,"column":27}},"153":{"start":{"line":154,"column":0},"end":{"line":154,"column":14}},"154":{"start":{"line":155,"column":0},"end":{"line":155,"column":8}},"155":{"start":{"line":156,"column":0},"end":{"line":156,"column":0}},"156":{"start":{"line":157,"column":0},"end":{"line":157,"column":24}},"157":{"start":{"line":158,"column":0},"end":{"line":158,"column":10}},"158":{"start":{"line":159,"column":0},"end":{"line":159,"column":45}},"159":{"start":{"line":160,"column":0},"end":{"line":160,"column":45}},"160":{"start":{"line":161,"column":0},"end":{"line":161,"column":73}},"161":{"start":{"line":162,"column":0},"end":{"line":162,"column":148}},"162":{"start":{"line":163,"column":0},"end":{"line":163,"column":96}},"163":{"start":{"line":164,"column":0},"end":{"line":164,"column":78}},"164":{"start":{"line":165,"column":0},"end":{"line":165,"column":73}},"165":{"start":{"line":166,"column":0},"end":{"line":166,"column":22}},"166":{"start":{"line":167,"column":0},"end":{"line":167,"column":0}},"167":{"start":{"line":168,"column":0},"end":{"line":168,"column":48}},"168":{"start":{"line":169,"column":0},"end":{"line":169,"column":67}},"169":{"start":{"line":170,"column":0},"end":{"line":170,"column":83}},"170":{"start":{"line":171,"column":0},"end":{"line":171,"column":61}},"171":{"start":{"line":172,"column":0},"end":{"line":172,"column":77}},"172":{"start":{"line":173,"column":0},"end":{"line":173,"column":65}},"173":{"start":{"line":174,"column":0},"end":{"line":174,"column":68}},"174":{"start":{"line":175,"column":0},"end":{"line":175,"column":77}},"175":{"start":{"line":176,"column":0},"end":{"line":176,"column":74}},"176":{"start":{"line":177,"column":0},"end":{"line":177,"column":20}},"177":{"start":{"line":178,"column":0},"end":{"line":178,"column":65}},"178":{"start":{"line":179,"column":0},"end":{"line":179,"column":128}},"179":{"start":{"line":180,"column":0},"end":{"line":180,"column":49}},"180":{"start":{"line":181,"column":0},"end":{"line":181,"column":43}},"181":{"start":{"line":182,"column":0},"end":{"line":182,"column":0}},"182":{"start":{"line":183,"column":0},"end":{"line":183,"column":18}},"183":{"start":{"line":184,"column":0},"end":{"line":184,"column":0}},"184":{"start":{"line":185,"column":0},"end":{"line":185,"column":12}},"185":{"start":{"line":186,"column":0},"end":{"line":186,"column":43}},"186":{"start":{"line":187,"column":0},"end":{"line":187,"column":116}},"187":{"start":{"line":188,"column":0},"end":{"line":188,"column":96}},"188":{"start":{"line":189,"column":0},"end":{"line":189,"column":72}},"189":{"start":{"line":190,"column":0},"end":{"line":190,"column":26}},"190":{"start":{"line":191,"column":0},"end":{"line":191,"column":111}},"191":{"start":{"line":192,"column":0},"end":{"line":192,"column":92}},"192":{"start":{"line":193,"column":0},"end":{"line":193,"column":68}},"193":{"start":{"line":194,"column":0},"end":{"line":194,"column":26}},"194":{"start":{"line":195,"column":0},"end":{"line":195,"column":133}},"195":{"start":{"line":196,"column":0},"end":{"line":196,"column":94}},"196":{"start":{"line":197,"column":0},"end":{"line":197,"column":70}},"197":{"start":{"line":198,"column":0},"end":{"line":198,"column":27}},"198":{"start":{"line":199,"column":0},"end":{"line":199,"column":14}},"199":{"start":{"line":200,"column":0},"end":{"line":200,"column":11}},"200":{"start":{"line":201,"column":0},"end":{"line":201,"column":5}},"201":{"start":{"line":202,"column":0},"end":{"line":202,"column":0}},"202":{"start":{"line":203,"column":0},"end":{"line":203,"column":25}},"203":{"start":{"line":204,"column":0},"end":{"line":204,"column":6}},"204":{"start":{"line":205,"column":0},"end":{"line":205,"column":41}},"205":{"start":{"line":206,"column":0},"end":{"line":206,"column":41}},"206":{"start":{"line":207,"column":0},"end":{"line":207,"column":73}},"207":{"start":{"line":208,"column":0},"end":{"line":208,"column":150}},"208":{"start":{"line":209,"column":0},"end":{"line":209,"column":85}},"209":{"start":{"line":210,"column":0},"end":{"line":210,"column":69}},"210":{"start":{"line":211,"column":0},"end":{"line":211,"column":18}},"211":{"start":{"line":212,"column":0},"end":{"line":212,"column":0}},"212":{"start":{"line":213,"column":0},"end":{"line":213,"column":42}},"213":{"start":{"line":214,"column":0},"end":{"line":214,"column":25}},"214":{"start":{"line":215,"column":0},"end":{"line":215,"column":18}},"215":{"start":{"line":216,"column":0},"end":{"line":216,"column":14}},"216":{"start":{"line":217,"column":0},"end":{"line":217,"column":0}},"217":{"start":{"line":218,"column":0},"end":{"line":218,"column":0}},"218":{"start":{"line":219,"column":0},"end":{"line":219,"column":4}},"219":{"start":{"line":220,"column":0},"end":{"line":220,"column":39}},"220":{"start":{"line":221,"column":0},"end":{"line":221,"column":114}},"221":{"start":{"line":222,"column":0},"end":{"line":222,"column":94}},"222":{"start":{"line":223,"column":0},"end":{"line":223,"column":70}},"223":{"start":{"line":224,"column":0},"end":{"line":224,"column":26}},"224":{"start":{"line":225,"column":0},"end":{"line":225,"column":14}},"225":{"start":{"line":226,"column":0},"end":{"line":226,"column":8}},"226":{"start":{"line":227,"column":0},"end":{"line":227,"column":0}},"227":{"start":{"line":228,"column":0},"end":{"line":228,"column":25}},"228":{"start":{"line":229,"column":0},"end":{"line":229,"column":10}},"229":{"start":{"line":230,"column":0},"end":{"line":230,"column":45}},"230":{"start":{"line":231,"column":0},"end":{"line":231,"column":45}},"231":{"start":{"line":232,"column":0},"end":{"line":232,"column":77}},"232":{"start":{"line":233,"column":0},"end":{"line":233,"column":154}},"233":{"start":{"line":234,"column":0},"end":{"line":234,"column":89}},"234":{"start":{"line":235,"column":0},"end":{"line":235,"column":73}},"235":{"start":{"line":236,"column":0},"end":{"line":236,"column":22}},"236":{"start":{"line":237,"column":0},"end":{"line":237,"column":0}},"237":{"start":{"line":238,"column":0},"end":{"line":238,"column":46}},"238":{"start":{"line":239,"column":0},"end":{"line":239,"column":110}},"239":{"start":{"line":240,"column":0},"end":{"line":240,"column":29}},"240":{"start":{"line":241,"column":0},"end":{"line":241,"column":22}},"241":{"start":{"line":242,"column":0},"end":{"line":242,"column":17}},"242":{"start":{"line":243,"column":0},"end":{"line":243,"column":0}},"243":{"start":{"line":244,"column":0},"end":{"line":244,"column":0}},"244":{"start":{"line":245,"column":0},"end":{"line":245,"column":11}},"245":{"start":{"line":246,"column":0},"end":{"line":246,"column":42}},"246":{"start":{"line":247,"column":0},"end":{"line":247,"column":129}},"247":{"start":{"line":248,"column":0},"end":{"line":248,"column":98}},"248":{"start":{"line":249,"column":0},"end":{"line":249,"column":74}},"249":{"start":{"line":250,"column":0},"end":{"line":250,"column":30}},"250":{"start":{"line":251,"column":0},"end":{"line":251,"column":19}},"251":{"start":{"line":252,"column":0},"end":{"line":252,"column":12}},"252":{"start":{"line":253,"column":0},"end":{"line":253,"column":0}},"253":{"start":{"line":254,"column":0},"end":{"line":254,"column":0}},"254":{"start":{"line":255,"column":0},"end":{"line":255,"column":0}},"255":{"start":{"line":256,"column":0},"end":{"line":256,"column":0}},"256":{"start":{"line":257,"column":0},"end":{"line":257,"column":12}},"257":{"start":{"line":258,"column":0},"end":{"line":258,"column":20}},"258":{"start":{"line":259,"column":0},"end":{"line":259,"column":10}},"259":{"start":{"line":260,"column":0},"end":{"line":260,"column":36}},"260":{"start":{"line":261,"column":0},"end":{"line":261,"column":0}},"261":{"start":{"line":262,"column":0},"end":{"line":262,"column":49}},"262":{"start":{"line":263,"column":0},"end":{"line":263,"column":146}},"263":{"start":{"line":264,"column":0},"end":{"line":264,"column":65}},"264":{"start":{"line":265,"column":0},"end":{"line":265,"column":156}},"265":{"start":{"line":266,"column":0},"end":{"line":266,"column":22}},"266":{"start":{"line":267,"column":0},"end":{"line":267,"column":0}},"267":{"start":{"line":268,"column":0},"end":{"line":268,"column":85}},"268":{"start":{"line":269,"column":0},"end":{"line":269,"column":89}},"269":{"start":{"line":270,"column":0},"end":{"line":270,"column":87}},"270":{"start":{"line":271,"column":0},"end":{"line":271,"column":91}},"271":{"start":{"line":272,"column":0},"end":{"line":272,"column":18}},"272":{"start":{"line":273,"column":0},"end":{"line":273,"column":0}},"273":{"start":{"line":274,"column":0},"end":{"line":274,"column":41}},"274":{"start":{"line":275,"column":0},"end":{"line":275,"column":59}},"275":{"start":{"line":276,"column":0},"end":{"line":276,"column":76}},"276":{"start":{"line":277,"column":0},"end":{"line":277,"column":53}},"277":{"start":{"line":278,"column":0},"end":{"line":278,"column":69}},"278":{"start":{"line":279,"column":0},"end":{"line":279,"column":69}},"279":{"start":{"line":280,"column":0},"end":{"line":280,"column":68}},"280":{"start":{"line":281,"column":0},"end":{"line":281,"column":0}},"281":{"start":{"line":282,"column":0},"end":{"line":282,"column":42}},"282":{"start":{"line":283,"column":0},"end":{"line":283,"column":58}},"283":{"start":{"line":284,"column":0},"end":{"line":284,"column":77}},"284":{"start":{"line":285,"column":0},"end":{"line":285,"column":69}},"285":{"start":{"line":286,"column":0},"end":{"line":286,"column":59}},"286":{"start":{"line":287,"column":0},"end":{"line":287,"column":72}},"287":{"start":{"line":288,"column":0},"end":{"line":288,"column":11}},"288":{"start":{"line":289,"column":0},"end":{"line":289,"column":6}},"289":{"start":{"line":290,"column":0},"end":{"line":290,"column":1}},"290":{"start":{"line":291,"column":0},"end":{"line":291,"column":0}},"291":{"start":{"line":292,"column":0},"end":{"line":292,"column":0}},"292":{"start":{"line":293,"column":0},"end":{"line":293,"column":0}},"293":{"start":{"line":294,"column":0},"end":{"line":294,"column":0}},"294":{"start":{"line":295,"column":0},"end":{"line":295,"column":23}}},"s":{"0":1,"1":1,"2":1,"3":1,"4":1,"5":1,"6":1,"7":1,"8":1,"9":1,"10":1,"11":1,"12":1,"13":1,"14":1,"15":1,"16":1,"17":1,"18":1,"19":1,"20":1,"21":28,"22":28,"23":28,"24":28,"25":28,"26":28,"27":28,"28":28,"29":28,"30":28,"31":28,"32":28,"33":28,"34":28,"35":11,"36":11,"37":11,"38":28,"39":28,"40":28,"41":6,"42":6,"43":6,"44":2,"45":2,"46":6,"47":2,"48":2,"49":6,"50":2,"51":2,"52":6,"53":28,"54":28,"55":28,"56":28,"57":28,"58":28,"59":28,"60":28,"61":28,"62":28,"63":28,"64":28,"65":28,"66":28,"67":0,"68":0,"69":0,"70":0,"71":0,"72":0,"73":0,"74":0,"75":0,"76":0,"77":0,"78":0,"79":0,"80":0,"81":0,"82":0,"83":0,"84":0,"85":0,"86":0,"87":0,"88":0,"89":0,"90":0,"91":0,"92":0,"93":0,"94":0,"95":0,"96":0,"97":0,"98":0,"99":0,"100":0,"101":0,"102":0,"103":0,"104":0,"105":0,"106":0,"107":0,"108":0,"109":0,"110":0,"111":0,"112":0,"113":28,"114":28,"115":28,"116":28,"117":28,"118":28,"119":28,"120":28,"121":28,"122":28,"123":28,"124":28,"125":28,"126":2,"127":2,"128":2,"129":2,"130":2,"131":2,"132":28,"133":28,"134":26,"135":26,"136":28,"137":28,"138":28,"139":28,"140":28,"141":28,"142":28,"143":28,"144":28,"145":28,"146":28,"147":28,"148":28,"149":28,"150":0,"151":0,"152":0,"153":28,"154":28,"155":28,"156":28,"157":28,"158":28,"159":28,"160":28,"161":28,"162":28,"163":28,"164":28,"165":28,"166":28,"167":28,"168":2,"169":2,"170":2,"171":2,"172":2,"173":2,"174":2,"175":2,"176":28,"177":28,"178":26,"179":26,"180":26,"181":28,"182":28,"183":28,"184":28,"185":28,"186":28,"187":28,"188":28,"189":28,"190":28,"191":28,"192":28,"193":28,"194":28,"195":0,"196":0,"197":0,"198":28,"199":28,"200":28,"201":28,"202":28,"203":28,"204":28,"205":28,"206":28,"207":28,"208":28,"209":28,"210":28,"211":28,"212":28,"213":28,"214":28,"215":28,"216":28,"217":28,"218":28,"219":28,"220":28,"221":28,"222":28,"223":28,"224":28,"225":28,"226":28,"227":28,"228":28,"229":28,"230":28,"231":28,"232":28,"233":28,"234":28,"235":28,"236":28,"237":28,"238":28,"239":28,"240":28,"241":28,"242":28,"243":28,"244":28,"245":28,"246":28,"247":28,"248":28,"249":28,"250":28,"251":28,"252":28,"253":28,"254":28,"255":28,"256":28,"257":28,"258":28,"259":28,"260":28,"261":28,"262":28,"263":28,"264":28,"265":28,"266":28,"267":28,"268":28,"269":28,"270":28,"271":28,"272":28,"273":28,"274":2,"275":2,"276":2,"277":2,"278":2,"279":2,"280":28,"281":28,"282":2,"283":2,"284":2,"285":2,"286":2,"287":28,"288":28,"289":28,"290":1,"291":1,"292":1,"293":1,"294":1},"branchMap":{"0":{"type":"branch","line":22,"loc":{"start":{"line":22,"column":0},"end":{"line":290,"column":1}},"locations":[{"start":{"line":22,"column":0},"end":{"line":290,"column":1}}]},"1":{"type":"branch","line":58,"loc":{"start":{"line":58,"column":20},"end":{"line":58,"column":36}},"locations":[{"start":{"line":58,"column":20},"end":{"line":58,"column":36}}]},"2":{"type":"branch","line":121,"loc":{"start":{"line":121,"column":17},"end":{"line":121,"column":44}},"locations":[{"start":{"line":121,"column":17},"end":{"line":121,"column":44}}]},"3":{"type":"branch","line":121,"loc":{"start":{"line":121,"column":35},"end":{"line":121,"column":92}},"locations":[{"start":{"line":121,"column":35},"end":{"line":121,"column":92}}]},"4":{"type":"branch","line":122,"loc":{"start":{"line":122,"column":17},"end":{"line":122,"column":74}},"locations":[{"start":{"line":122,"column":17},"end":{"line":122,"column":74}}]},"5":{"type":"branch","line":126,"loc":{"start":{"line":126,"column":17},"end":{"line":132,"column":76}},"locations":[{"start":{"line":126,"column":17},"end":{"line":132,"column":76}}]},"6":{"type":"branch","line":134,"loc":{"start":{"line":134,"column":18},"end":{"line":136,"column":39}},"locations":[{"start":{"line":134,"column":18},"end":{"line":136,"column":39}}]},"7":{"type":"branch","line":150,"loc":{"start":{"line":150,"column":21},"end":{"line":153,"column":27}},"locations":[{"start":{"line":150,"column":21},"end":{"line":153,"column":27}}]},"8":{"type":"branch","line":163,"loc":{"start":{"line":163,"column":21},"end":{"line":163,"column":48}},"locations":[{"start":{"line":163,"column":21},"end":{"line":163,"column":48}}]},"9":{"type":"branch","line":163,"loc":{"start":{"line":163,"column":39},"end":{"line":163,"column":96}},"locations":[{"start":{"line":163,"column":39},"end":{"line":163,"column":96}}]},"10":{"type":"branch","line":164,"loc":{"start":{"line":164,"column":21},"end":{"line":164,"column":78}},"locations":[{"start":{"line":164,"column":21},"end":{"line":164,"column":78}}]},"11":{"type":"branch","line":168,"loc":{"start":{"line":168,"column":21},"end":{"line":176,"column":74}},"locations":[{"start":{"line":168,"column":21},"end":{"line":176,"column":74}}]},"12":{"type":"branch","line":178,"loc":{"start":{"line":178,"column":22},"end":{"line":181,"column":43}},"locations":[{"start":{"line":178,"column":22},"end":{"line":181,"column":43}}]},"13":{"type":"branch","line":179,"loc":{"start":{"line":179,"column":56},"end":{"line":179,"column":128}},"locations":[{"start":{"line":179,"column":56},"end":{"line":179,"column":128}}]},"14":{"type":"branch","line":195,"loc":{"start":{"line":195,"column":21},"end":{"line":198,"column":27}},"locations":[{"start":{"line":195,"column":21},"end":{"line":198,"column":27}}]},"15":{"type":"branch","line":209,"loc":{"start":{"line":209,"column":17},"end":{"line":209,"column":85}},"locations":[{"start":{"line":209,"column":17},"end":{"line":209,"column":85}}]},"16":{"type":"branch","line":234,"loc":{"start":{"line":234,"column":21},"end":{"line":234,"column":89}},"locations":[{"start":{"line":234,"column":21},"end":{"line":234,"column":89}}]},"17":{"type":"branch","line":239,"loc":{"start":{"line":239,"column":36},"end":{"line":239,"column":110}},"locations":[{"start":{"line":239,"column":36},"end":{"line":239,"column":110}}]},"18":{"type":"branch","line":263,"loc":{"start":{"line":263,"column":30},"end":{"line":263,"column":73}},"locations":[{"start":{"line":263,"column":30},"end":{"line":263,"column":73}}]},"19":{"type":"branch","line":265,"loc":{"start":{"line":265,"column":30},"end":{"line":265,"column":78}},"locations":[{"start":{"line":265,"column":30},"end":{"line":265,"column":78}}]},"20":{"type":"branch","line":268,"loc":{"start":{"line":268,"column":37},"end":{"line":268,"column":74}},"locations":[{"start":{"line":268,"column":37},"end":{"line":268,"column":74}}]},"21":{"type":"branch","line":268,"loc":{"start":{"line":268,"column":46},"end":{"line":268,"column":74}},"locations":[{"start":{"line":268,"column":46},"end":{"line":268,"column":74}}]},"22":{"type":"branch","line":268,"loc":{"start":{"line":268,"column":55},"end":{"line":268,"column":85}},"locations":[{"start":{"line":268,"column":55},"end":{"line":268,"column":85}}]},"23":{"type":"branch","line":269,"loc":{"start":{"line":269,"column":37},"end":{"line":269,"column":76}},"locations":[{"start":{"line":269,"column":37},"end":{"line":269,"column":76}}]},"24":{"type":"branch","line":269,"loc":{"start":{"line":269,"column":47},"end":{"line":269,"column":76}},"locations":[{"start":{"line":269,"column":47},"end":{"line":269,"column":76}}]},"25":{"type":"branch","line":269,"loc":{"start":{"line":269,"column":57},"end":{"line":269,"column":89}},"locations":[{"start":{"line":269,"column":57},"end":{"line":269,"column":89}}]},"26":{"type":"branch","line":270,"loc":{"start":{"line":270,"column":37},"end":{"line":270,"column":75}},"locations":[{"start":{"line":270,"column":37},"end":{"line":270,"column":75}}]},"27":{"type":"branch","line":270,"loc":{"start":{"line":270,"column":47},"end":{"line":270,"column":75}},"locations":[{"start":{"line":270,"column":47},"end":{"line":270,"column":75}}]},"28":{"type":"branch","line":270,"loc":{"start":{"line":270,"column":56},"end":{"line":270,"column":87}},"locations":[{"start":{"line":270,"column":56},"end":{"line":270,"column":87}}]},"29":{"type":"branch","line":271,"loc":{"start":{"line":271,"column":37},"end":{"line":271,"column":77}},"locations":[{"start":{"line":271,"column":37},"end":{"line":271,"column":77}}]},"30":{"type":"branch","line":271,"loc":{"start":{"line":271,"column":48},"end":{"line":271,"column":77}},"locations":[{"start":{"line":271,"column":48},"end":{"line":271,"column":77}}]},"31":{"type":"branch","line":271,"loc":{"start":{"line":271,"column":58},"end":{"line":271,"column":91}},"locations":[{"start":{"line":271,"column":58},"end":{"line":271,"column":91}}]},"32":{"type":"branch","line":274,"loc":{"start":{"line":274,"column":13},"end":{"line":280,"column":68}},"locations":[{"start":{"line":274,"column":13},"end":{"line":280,"column":68}}]},"33":{"type":"branch","line":282,"loc":{"start":{"line":282,"column":13},"end":{"line":287,"column":72}},"locations":[{"start":{"line":282,"column":13},"end":{"line":287,"column":72}}]},"34":{"type":"branch","line":35,"loc":{"start":{"line":35,"column":14},"end":{"line":39,"column":8}},"locations":[{"start":{"line":35,"column":14},"end":{"line":39,"column":8}}]},"35":{"type":"branch","line":36,"loc":{"start":{"line":36,"column":18},"end":{"line":36,"column":24}},"locations":[{"start":{"line":36,"column":18},"end":{"line":36,"column":24}}]},"36":{"type":"branch","line":41,"loc":{"start":{"line":41,"column":35},"end":{"line":54,"column":7}},"locations":[{"start":{"line":41,"column":35},"end":{"line":54,"column":7}}]},"37":{"type":"branch","line":44,"loc":{"start":{"line":44,"column":12},"end":{"line":46,"column":22}},"locations":[{"start":{"line":44,"column":12},"end":{"line":46,"column":22}}]},"38":{"type":"branch","line":47,"loc":{"start":{"line":47,"column":12},"end":{"line":49,"column":22}},"locations":[{"start":{"line":47,"column":12},"end":{"line":49,"column":22}}]},"39":{"type":"branch","line":50,"loc":{"start":{"line":50,"column":12},"end":{"line":52,"column":22}},"locations":[{"start":{"line":50,"column":12},"end":{"line":52,"column":22}}]},"40":{"type":"branch","line":120,"loc":{"start":{"line":120,"column":63},"end":{"line":120,"column":127}},"locations":[{"start":{"line":120,"column":63},"end":{"line":120,"column":127}}]},"41":{"type":"branch","line":142,"loc":{"start":{"line":142,"column":61},"end":{"line":142,"column":116}},"locations":[{"start":{"line":142,"column":61},"end":{"line":142,"column":116}}]},"42":{"type":"branch","line":146,"loc":{"start":{"line":146,"column":59},"end":{"line":146,"column":111}},"locations":[{"start":{"line":146,"column":59},"end":{"line":146,"column":111}}]},"43":{"type":"branch","line":187,"loc":{"start":{"line":187,"column":61},"end":{"line":187,"column":116}},"locations":[{"start":{"line":187,"column":61},"end":{"line":187,"column":116}}]},"44":{"type":"branch","line":191,"loc":{"start":{"line":191,"column":59},"end":{"line":191,"column":111}},"locations":[{"start":{"line":191,"column":59},"end":{"line":191,"column":111}}]},"45":{"type":"branch","line":221,"loc":{"start":{"line":221,"column":60},"end":{"line":221,"column":114}},"locations":[{"start":{"line":221,"column":60},"end":{"line":221,"column":114}}]},"46":{"type":"branch","line":247,"loc":{"start":{"line":247,"column":68},"end":{"line":247,"column":129}},"locations":[{"start":{"line":247,"column":68},"end":{"line":247,"column":129}}]}},"b":{"0":[28],"1":[0],"2":[0],"3":[0],"4":[18],"5":[2],"6":[26],"7":[0],"8":[0],"9":[0],"10":[18],"11":[2],"12":[26],"13":[12],"14":[0],"15":[0],"16":[0],"17":[13],"18":[0],"19":[0],"20":[15],"21":[5],"22":[10],"23":[15],"24":[5],"25":[5],"26":[13],"27":[5],"28":[8],"29":[13],"30":[5],"31":[5],"32":[2],"33":[2],"34":[11],"35":[0],"36":[6],"37":[2],"38":[2],"39":[2],"40":[1],"41":[1],"42":[1],"43":[1],"44":[1],"45":[1],"46":[1]},"fnMap":{"0":{"name":"Comment","decl":{"start":{"line":22,"column":0},"end":{"line":290,"column":1}},"loc":{"start":{"line":22,"column":0},"end":{"line":290,"column":1}},"line":22},"1":{"name":"HandleVote","decl":{"start":{"line":67,"column":23},"end":{"line":113,"column":5}},"loc":{"start":{"line":67,"column":23},"end":{"line":113,"column":5}},"line":67},"2":{"name":"onClick","decl":{"start":{"line":120,"column":63},"end":{"line":120,"column":127}},"loc":{"start":{"line":120,"column":63},"end":{"line":120,"column":127}},"line":120},"3":{"name":"onClick","decl":{"start":{"line":142,"column":61},"end":{"line":142,"column":116}},"loc":{"start":{"line":142,"column":61},"end":{"line":142,"column":116}},"line":142},"4":{"name":"onClick","decl":{"start":{"line":146,"column":59},"end":{"line":146,"column":111}},"loc":{"start":{"line":146,"column":59},"end":{"line":146,"column":111}},"line":146},"5":{"name":"onClick","decl":{"start":{"line":150,"column":79},"end":{"line":150,"column":133}},"loc":{"start":{"line":150,"column":79},"end":{"line":150,"column":133}},"line":150},"6":{"name":"onClick","decl":{"start":{"line":162,"column":63},"end":{"line":162,"column":127}},"loc":{"start":{"line":162,"column":63},"end":{"line":162,"column":127}},"line":162},"7":{"name":"onClick","decl":{"start":{"line":187,"column":61},"end":{"line":187,"column":116}},"loc":{"start":{"line":187,"column":61},"end":{"line":187,"column":116}},"line":187},"8":{"name":"onClick","decl":{"start":{"line":191,"column":59},"end":{"line":191,"column":111}},"loc":{"start":{"line":191,"column":59},"end":{"line":191,"column":111}},"line":191},"9":{"name":"onClick","decl":{"start":{"line":195,"column":79},"end":{"line":195,"column":133}},"loc":{"start":{"line":195,"column":79},"end":{"line":195,"column":133}},"line":195},"10":{"name":"onClick","decl":{"start":{"line":208,"column":63},"end":{"line":208,"column":129}},"loc":{"start":{"line":208,"column":63},"end":{"line":208,"column":129}},"line":208},"11":{"name":"onClick","decl":{"start":{"line":221,"column":60},"end":{"line":221,"column":114}},"loc":{"start":{"line":221,"column":60},"end":{"line":221,"column":114}},"line":221},"12":{"name":"onClick","decl":{"start":{"line":233,"column":67},"end":{"line":233,"column":133}},"loc":{"start":{"line":233,"column":67},"end":{"line":233,"column":133}},"line":233},"13":{"name":"onClick","decl":{"start":{"line":247,"column":68},"end":{"line":247,"column":129}},"loc":{"start":{"line":247,"column":68},"end":{"line":247,"column":129}},"line":247},"14":{"name":"onClick","decl":{"start":{"line":263,"column":103},"end":{"line":263,"column":141}},"loc":{"start":{"line":263,"column":103},"end":{"line":263,"column":141}},"line":263},"15":{"name":"onClick","decl":{"start":{"line":265,"column":110},"end":{"line":265,"column":151}},"loc":{"start":{"line":265,"column":110},"end":{"line":265,"column":151}},"line":265}},"f":{"0":28,"1":0,"2":1,"3":1,"4":1,"5":0,"6":0,"7":1,"8":1,"9":0,"10":0,"11":1,"12":0,"13":1,"14":0,"15":0}}
,"C:\\Users\\nadav\\OneDrive\\Desktop\\Interactive Comments Section\\Client\\src\\Components\\Comment\\Constants\\constants.js": {"path":"C:\\Users\\nadav\\OneDrive\\Desktop\\Interactive Comments Section\\Client\\src\\Components\\Comment\\Constants\\constants.js","all":false,"statementMap":{"0":{"start":{"line":1,"column":0},"end":{"line":1,"column":29}},"1":{"start":{"line":2,"column":0},"end":{"line":2,"column":18}},"2":{"start":{"line":3,"column":0},"end":{"line":3,"column":19}},"3":{"start":{"line":4,"column":0},"end":{"line":4,"column":1}},"4":{"start":{"line":5,"column":0},"end":{"line":5,"column":30}},"5":{"start":{"line":6,"column":0},"end":{"line":6,"column":18}},"6":{"start":{"line":7,"column":0},"end":{"line":7,"column":23}},"7":{"start":{"line":8,"column":0},"end":{"line":8,"column":1}}},"s":{"0":1,"1":1,"2":1,"3":1,"4":1,"5":1,"6":1,"7":1},"branchMap":{},"b":{},"fnMap":{},"f":{}}
,"C:\\Users\\nadav\\OneDrive\\Desktop\\Interactive Comments Section\\Client\\src\\Components\\InfoCard\\InfoCard.jsx": {"path":"C:\\Users\\nadav\\OneDrive\\Desktop\\Interactive Comments Section\\Client\\src\\Components\\InfoCard\\InfoCard.jsx","all":false,"statementMap":{"0":{"start":{"line":1,"column":0},"end":{"line":1,"column":24}},"1":{"start":{"line":2,"column":0},"end":{"line":2,"column":0}},"2":{"start":{"line":3,"column":0},"end":{"line":3,"column":84}},"3":{"start":{"line":4,"column":0},"end":{"line":4,"column":11}},"4":{"start":{"line":5,"column":0},"end":{"line":5,"column":95}},"5":{"start":{"line":6,"column":0},"end":{"line":6,"column":127}},"6":{"start":{"line":7,"column":0},"end":{"line":7,"column":64}},"7":{"start":{"line":8,"column":0},"end":{"line":8,"column":65}},"8":{"start":{"line":9,"column":0},"end":{"line":9,"column":18}},"9":{"start":{"line":10,"column":0},"end":{"line":10,"column":26}},"10":{"start":{"line":11,"column":0},"end":{"line":11,"column":29}},"11":{"start":{"line":12,"column":0},"end":{"line":12,"column":19}},"12":{"start":{"line":13,"column":0},"end":{"line":13,"column":19}},"13":{"start":{"line":14,"column":0},"end":{"line":14,"column":14}},"14":{"start":{"line":15,"column":0},"end":{"line":15,"column":5}},"15":{"start":{"line":16,"column":0},"end":{"line":16,"column":1}},"16":{"start":{"line":17,"column":0},"end":{"line":17,"column":0}},"17":{"start":{"line":18,"column":0},"end":{"line":18,"column":23}}},"s":{"0":1,"1":1,"2":3,"3":3,"4":3,"5":3,"6":3,"7":3,"8":8,"9":8,"10":8,"11":8,"12":3,"13":3,"14":3,"15":3,"16":1,"17":1},"branchMap":{"0":{"type":"branch","line":3,"loc":{"start":{"line":3,"column":0},"end":{"line":16,"column":1}},"locations":[{"start":{"line":3,"column":0},"end":{"line":16,"column":1}}]},"1":{"type":"branch","line":5,"loc":{"start":{"line":5,"column":25},"end":{"line":5,"column":60}},"locations":[{"start":{"line":5,"column":25},"end":{"line":5,"column":60}}]},"2":{"type":"branch","line":5,"loc":{"start":{"line":5,"column":47},"end":{"line":5,"column":95}},"locations":[{"start":{"line":5,"column":47},"end":{"line":5,"column":95}}]},"3":{"type":"branch","line":6,"loc":{"start":{"line":6,"column":27},"end":{"line":6,"column":73}},"locations":[{"start":{"line":6,"column":27},"end":{"line":6,"column":73}}]},"4":{"type":"branch","line":6,"loc":{"start":{"line":6,"column":42},"end":{"line":6,"column":92}},"locations":[{"start":{"line":6,"column":42},"end":{"line":6,"column":92}}]},"5":{"type":"branch","line":8,"loc":{"start":{"line":8,"column":54},"end":{"line":12,"column":19}},"locations":[{"start":{"line":8,"column":54},"end":{"line":12,"column":19}}]}},"b":{"0":[3],"1":[0],"2":[2],"3":[1],"4":[1],"5":[8]},"fnMap":{"0":{"name":"InfoCard","decl":{"start":{"line":3,"column":0},"end":{"line":16,"column":1}},"loc":{"start":{"line":3,"column":0},"end":{"line":16,"column":1}},"line":3}},"f":{"0":3}}
,"C:\\Users\\nadav\\OneDrive\\Desktop\\Interactive Comments Section\\Client\\src\\Components\\InfoCard\\__mocks__\\InfoCard.jsx": {"path":"C:\\Users\\nadav\\OneDrive\\Desktop\\Interactive Comments Section\\Client\\src\\Components\\InfoCard\\__mocks__\\InfoCard.jsx","all":false,"statementMap":{"0":{"start":{"line":1,"column":0},"end":{"line":1,"column":26}},"1":{"start":{"line":2,"column":0},"end":{"line":2,"column":0}},"2":{"start":{"line":3,"column":0},"end":{"line":3,"column":30}},"3":{"start":{"line":4,"column":0},"end":{"line":4,"column":69}},"4":{"start":{"line":5,"column":0},"end":{"line":5,"column":4}},"5":{"start":{"line":6,"column":0},"end":{"line":6,"column":0}},"6":{"start":{"line":7,"column":0},"end":{"line":7,"column":30}}},"s":{"0":1,"1":1,"2":1,"3":24,"4":24,"5":1,"6":1},"branchMap":{"0":{"type":"branch","line":3,"loc":{"start":{"line":3,"column":23},"end":{"line":5,"column":4}},"locations":[{"start":{"line":3,"column":23},"end":{"line":5,"column":4}}]}},"b":{"0":[24]},"fnMap":{"0":{"name":"MockedInfoCard","decl":{"start":{"line":3,"column":23},"end":{"line":5,"column":4}},"loc":{"start":{"line":3,"column":23},"end":{"line":5,"column":4}},"line":3}},"f":{"0":24}}
,"C:\\Users\\nadav\\OneDrive\\Desktop\\Interactive Comments Section\\Client\\src\\Components\\Modal\\Modal.jsx": {"path":"C:\\Users\\nadav\\OneDrive\\Desktop\\Interactive Comments Section\\Client\\src\\Components\\Modal\\Modal.jsx","all":false,"statementMap":{"0":{"start":{"line":1,"column":0},"end":{"line":1,"column":41}},"1":{"start":{"line":2,"column":0},"end":{"line":2,"column":22}},"2":{"start":{"line":3,"column":0},"end":{"line":3,"column":0}},"3":{"start":{"line":4,"column":0},"end":{"line":4,"column":61}},"4":{"start":{"line":5,"column":0},"end":{"line":5,"column":0}},"5":{"start":{"line":6,"column":0},"end":{"line":6,"column":78}},"6":{"start":{"line":7,"column":0},"end":{"line":7,"column":25}},"7":{"start":{"line":8,"column":0},"end":{"line":8,"column":34}},"8":{"start":{"line":9,"column":0},"end":{"line":9,"column":33}},"9":{"start":{"line":10,"column":0},"end":{"line":10,"column":55}},"10":{"start":{"line":11,"column":0},"end":{"line":11,"column":71}},"11":{"start":{"line":12,"column":0},"end":{"line":12,"column":30}},"12":{"start":{"line":13,"column":0},"end":{"line":13,"column":26}},"13":{"start":{"line":14,"column":0},"end":{"line":14,"column":29}},"14":{"start":{"line":15,"column":0},"end":{"line":15,"column":20}},"15":{"start":{"line":16,"column":0},"end":{"line":16,"column":21}},"16":{"start":{"line":17,"column":0},"end":{"line":17,"column":46}},"17":{"start":{"line":18,"column":0},"end":{"line":18,"column":119}},"18":{"start":{"line":19,"column":0},"end":{"line":19,"column":261}},"19":{"start":{"line":20,"column":0},"end":{"line":20,"column":29}},"20":{"start":{"line":21,"column":0},"end":{"line":21,"column":418}},"21":{"start":{"line":22,"column":0},"end":{"line":22,"column":38}},"22":{"start":{"line":23,"column":0},"end":{"line":23,"column":26}},"23":{"start":{"line":24,"column":0},"end":{"line":24,"column":36}},"24":{"start":{"line":25,"column":0},"end":{"line":25,"column":18}},"25":{"start":{"line":26,"column":0},"end":{"line":26,"column":14}},"26":{"start":{"line":27,"column":0},"end":{"line":27,"column":10}},"27":{"start":{"line":28,"column":0},"end":{"line":28,"column":0}},"28":{"start":{"line":29,"column":0},"end":{"line":29,"column":29}},"29":{"start":{"line":30,"column":0},"end":{"line":30,"column":34}},"30":{"start":{"line":31,"column":0},"end":{"line":31,"column":33}},"31":{"start":{"line":32,"column":0},"end":{"line":32,"column":55}},"32":{"start":{"line":33,"column":0},"end":{"line":33,"column":69}},"33":{"start":{"line":34,"column":0},"end":{"line":34,"column":32}},"34":{"start":{"line":35,"column":0},"end":{"line":35,"column":26}},"35":{"start":{"line":36,"column":0},"end":{"line":36,"column":33}},"36":{"start":{"line":37,"column":0},"end":{"line":37,"column":22}},"37":{"start":{"line":38,"column":0},"end":{"line":38,"column":19}},"38":{"start":{"line":39,"column":0},"end":{"line":39,"column":46}},"39":{"start":{"line":40,"column":0},"end":{"line":40,"column":119}},"40":{"start":{"line":41,"column":0},"end":{"line":41,"column":18}},"41":{"start":{"line":42,"column":0},"end":{"line":42,"column":14}},"42":{"start":{"line":43,"column":0},"end":{"line":43,"column":10}},"43":{"start":{"line":44,"column":0},"end":{"line":44,"column":0}},"44":{"start":{"line":45,"column":0},"end":{"line":45,"column":23}},"45":{"start":{"line":46,"column":0},"end":{"line":46,"column":53}},"46":{"start":{"line":47,"column":0},"end":{"line":47,"column":43}},"47":{"start":{"line":48,"column":0},"end":{"line":48,"column":5}},"48":{"start":{"line":49,"column":0},"end":{"line":49,"column":0}},"49":{"start":{"line":50,"column":0},"end":{"line":50,"column":61}},"50":{"start":{"line":51,"column":0},"end":{"line":51,"column":1}},"51":{"start":{"line":52,"column":0},"end":{"line":52,"column":0}},"52":{"start":{"line":53,"column":0},"end":{"line":53,"column":0}},"53":{"start":{"line":54,"column":0},"end":{"line":54,"column":21}}},"s":{"0":1,"1":1,"2":1,"3":1,"4":1,"5":6,"6":6,"7":6,"8":6,"9":6,"10":6,"11":15,"12":15,"13":15,"14":15,"15":6,"16":6,"17":6,"18":6,"19":2,"20":2,"21":2,"22":2,"23":6,"24":6,"25":6,"26":6,"27":6,"28":6,"29":6,"30":6,"31":6,"32":6,"33":15,"34":15,"35":15,"36":15,"37":6,"38":6,"39":6,"40":6,"41":6,"42":6,"43":6,"44":6,"45":6,"46":6,"47":6,"48":6,"49":6,"50":6,"51":1,"52":1,"53":1},"branchMap":{"0":{"type":"branch","line":6,"loc":{"start":{"line":6,"column":0},"end":{"line":51,"column":1}},"locations":[{"start":{"line":6,"column":0},"end":{"line":51,"column":1}}]},"1":{"type":"branch","line":19,"loc":{"start":{"line":19,"column":104},"end":{"line":19,"column":131}},"locations":[{"start":{"line":19,"column":104},"end":{"line":19,"column":131}}]},"2":{"type":"branch","line":19,"loc":{"start":{"line":19,"column":114},"end":{"line":24,"column":27}},"locations":[{"start":{"line":19,"column":114},"end":{"line":24,"column":27}}]},"3":{"type":"branch","line":11,"loc":{"start":{"line":11,"column":60},"end":{"line":15,"column":20}},"locations":[{"start":{"line":11,"column":60},"end":{"line":15,"column":20}}]},"4":{"type":"branch","line":18,"loc":{"start":{"line":18,"column":66},"end":{"line":18,"column":100}},"locations":[{"start":{"line":18,"column":66},"end":{"line":18,"column":100}}]},"5":{"type":"branch","line":19,"loc":{"start":{"line":19,"column":67},"end":{"line":19,"column":103}},"locations":[{"start":{"line":19,"column":67},"end":{"line":19,"column":103}}]},"6":{"type":"branch","line":33,"loc":{"start":{"line":33,"column":58},"end":{"line":37,"column":22}},"locations":[{"start":{"line":33,"column":58},"end":{"line":37,"column":22}}]},"7":{"type":"branch","line":40,"loc":{"start":{"line":40,"column":67},"end":{"line":40,"column":102}},"locations":[{"start":{"line":40,"column":67},"end":{"line":40,"column":102}}]}},"b":{"0":[6],"1":[3],"2":[2],"3":[15],"4":[1],"5":[1],"6":[15],"7":[1]},"fnMap":{"0":{"name":"Modal","decl":{"start":{"line":6,"column":0},"end":{"line":51,"column":1}},"loc":{"start":{"line":6,"column":0},"end":{"line":51,"column":1}},"line":6},"1":{"name":"onClick","decl":{"start":{"line":18,"column":66},"end":{"line":18,"column":100}},"loc":{"start":{"line":18,"column":66},"end":{"line":18,"column":100}},"line":18},"2":{"name":"onClick","decl":{"start":{"line":19,"column":67},"end":{"line":19,"column":103}},"loc":{"start":{"line":19,"column":67},"end":{"line":19,"column":103}},"line":19},"3":{"name":"onClick","decl":{"start":{"line":40,"column":67},"end":{"line":40,"column":102}},"loc":{"start":{"line":40,"column":67},"end":{"line":40,"column":102}},"line":40}},"f":{"0":6,"1":1,"2":1,"3":1}}
,"C:\\Users\\nadav\\OneDrive\\Desktop\\Interactive Comments Section\\Client\\src\\Components\\Modal\\Constants\\constants.js": {"path":"C:\\Users\\nadav\\OneDrive\\Desktop\\Interactive Comments Section\\Client\\src\\Components\\Modal\\Constants\\constants.js","all":false,"statementMap":{"0":{"start":{"line":1,"column":0},"end":{"line":1,"column":24}},"1":{"start":{"line":2,"column":0},"end":{"line":2,"column":16}},"2":{"start":{"line":3,"column":0},"end":{"line":3,"column":13}},"3":{"start":{"line":4,"column":0},"end":{"line":4,"column":1}},"4":{"start":{"line":5,"column":0},"end":{"line":5,"column":27}},"5":{"start":{"line":6,"column":0},"end":{"line":6,"column":32}},"6":{"start":{"line":7,"column":0},"end":{"line":7,"column":23}},"7":{"start":{"line":8,"column":0},"end":{"line":8,"column":1}}},"s":{"0":1,"1":1,"2":1,"3":1,"4":1,"5":1,"6":1,"7":1},"branchMap":{},"b":{},"fnMap":{},"f":{}}
,"C:\\Users\\nadav\\OneDrive\\Desktop\\Interactive Comments Section\\Client\\src\\Components\\Modal\\__mocks__\\Modal.jsx": {"path":"C:\\Users\\nadav\\OneDrive\\Desktop\\Interactive Comments Section\\Client\\src\\Components\\Modal\\__mocks__\\Modal.jsx","all":false,"statementMap":{"0":{"start":{"line":1,"column":0},"end":{"line":1,"column":26}},"1":{"start":{"line":2,"column":0},"end":{"line":2,"column":0}},"2":{"start":{"line":3,"column":0},"end":{"line":3,"column":27}},"3":{"start":{"line":4,"column":0},"end":{"line":4,"column":62}},"4":{"start":{"line":5,"column":0},"end":{"line":5,"column":4}},"5":{"start":{"line":6,"column":0},"end":{"line":6,"column":0}},"6":{"start":{"line":7,"column":0},"end":{"line":7,"column":27}}},"s":{"0":1,"1":1,"2":1,"3":13,"4":13,"5":1,"6":1},"branchMap":{"0":{"type":"branch","line":3,"loc":{"start":{"line":3,"column":20},"end":{"line":5,"column":4}},"locations":[{"start":{"line":3,"column":20},"end":{"line":5,"column":4}}]}},"b":{"0":[13]},"fnMap":{"0":{"name":"MockedModal","decl":{"start":{"line":3,"column":20},"end":{"line":5,"column":4}},"loc":{"start":{"line":3,"column":20},"end":{"line":5,"column":4}},"line":3}},"f":{"0":13}}
[...]
4":{"start":{"line":95,"column":0},"end":{"line":95,"column":17}},"95":{"start":{"line":96,"column":0},"end":{"line":96,"column":0}},"96":{"start":{"line":97,"column":0},"end":{"line":97,"column":37}},"97":{"start":{"line":98,"column":0},"end":{"line":98,"column":5}},"98":{"start":{"line":99,"column":0},"end":{"line":99,"column":0}},"99":{"start":{"line":100,"column":0},"end":{"line":100,"column":76}},"100":{"start":{"line":101,"column":0},"end":{"line":101,"column":37}},"101":{"start":{"line":102,"column":0},"end":{"line":102,"column":47}},"102":{"start":{"line":103,"column":0},"end":{"line":103,"column":50}},"103":{"start":{"line":104,"column":0},"end":{"line":104,"column":6}},"104":{"start":{"line":105,"column":0},"end":{"line":105,"column":18}},"105":{"start":{"line":106,"column":0},"end":{"line":106,"column":6}},"106":{"start":{"line":107,"column":0},"end":{"line":107,"column":41}},"107":{"start":{"line":108,"column":0},"end":{"line":108,"column":85}},"108":{"start":{"line":109,"column":0},"end":{"line":109,"column":51}},"109":{"start":{"line":110,"column":0},"end":{"line":110,"column":87}},"110":{"start":{"line":111,"column":0},"end":{"line":111,"column":49}},"111":{"start":{"line":112,"column":0},"end":{"line":112,"column":100}},"112":{"start":{"line":113,"column":0},"end":{"line":113,"column":48}},"113":{"start":{"line":114,"column":0},"end":{"line":114,"column":47}},"114":{"start":{"line":115,"column":0},"end":{"line":115,"column":18}},"115":{"start":{"line":116,"column":0},"end":{"line":116,"column":148}},"116":{"start":{"line":117,"column":0},"end":{"line":117,"column":11}},"117":{"start":{"line":118,"column":0},"end":{"line":118,"column":6}},"118":{"start":{"line":119,"column":0},"end":{"line":119,"column":34}},"119":{"start":{"line":120,"column":0},"end":{"line":120,"column":11}},"120":{"start":{"line":121,"column":0},"end":{"line":121,"column":6}},"121":{"start":{"line":122,"column":0},"end":{"line":122,"column":29}},"122":{"start":{"line":123,"column":0},"end":{"line":123,"column":8}},"123":{"start":{"line":124,"column":0},"end":{"line":124,"column":6}},"124":{"start":{"line":125,"column":0},"end":{"line":125,"column":4}},"125":{"start":{"line":126,"column":0},"end":{"line":126,"column":30}},"126":{"start":{"line":127,"column":0},"end":{"line":127,"column":0}},"127":{"start":{"line":128,"column":0},"end":{"line":128,"column":0}},"128":{"start":{"line":129,"column":0},"end":{"line":129,"column":0}},"129":{"start":{"line":130,"column":0},"end":{"line":130,"column":14}},"130":{"start":{"line":131,"column":0},"end":{"line":131,"column":100}},"131":{"start":{"line":132,"column":0},"end":{"line":132,"column":48}},"132":{"start":{"line":133,"column":0},"end":{"line":133,"column":50}},"133":{"start":{"line":134,"column":0},"end":{"line":134,"column":52}},"134":{"start":{"line":135,"column":0},"end":{"line":135,"column":50}},"135":{"start":{"line":136,"column":0},"end":{"line":136,"column":17}},"136":{"start":{"line":137,"column":0},"end":{"line":137,"column":0}},"137":{"start":{"line":138,"column":0},"end":{"line":138,"column":32}},"138":{"start":{"line":139,"column":0},"end":{"line":139,"column":8}},"139":{"start":{"line":140,"column":0},"end":{"line":140,"column":1}},"140":{"start":{"line":141,"column":0},"end":{"line":141,"column":0}},"141":{"start":{"line":142,"column":0},"end":{"line":142,"column":28}}},"s":{"0":1,"1":1,"2":1,"3":1,"4":1,"5":1,"6":0,"7":0,"8":0,"9":0,"10":0,"11":0,"12":0,"13":0,"14":0,"15":0,"16":0,"17":0,"18":0,"19":0,"20":0,"21":0,"22":0,"23":0,"24":0,"25":0,"26":0,"27":0,"28":0,"29":0,"30":0,"31":0,"32":0,"33":0,"34":0,"35":0,"36":0,"37":0,"38":0,"39":0,"40":0,"41":0,"42":0,"43":0,"44":0,"45":0,"46":0,"47":0,"48":0,"49":0,"50":0,"51":0,"52":0,"53":0,"54":0,"55":0,"56":0,"57":0,"58":0,"59":0,"60":0,"61":0,"62":0,"63":0,"64":0,"65":0,"66":0,"67":0,"68":0,"69":0,"70":0,"71":0,"72":0,"73":0,"74":0,"75":0,"76":0,"77":0,"78":0,"79":0,"80":0,"81":0,"82":0,"83":0,"84":0,"85":0,"86":0,"87":0,"88":0,"89":0,"90":0,"91":0,"92":0,"93":0,"94":0,"95":0,"96":0,"97":0,"98":0,"99":0,"100":0,"101":0,"102":0,"103":0,"104":0,"105":0,"106":0,"107":0,"108":0,"109":0,"110":0,"111":0,"112":0,"113":0,"114":0,"115":0,"116":0,"117":0,"118":0,"119":0,"120":0,"121":0,"122":0,"123":0,"124":0,"125":0,"126":0,"127":0,"128":0,"129":0,"130":0,"131":0,"132":0,"133":0,"134":0,"135":0,"136":0,"137":0,"138":0,"139":0,"140":1,"141":1},"branchMap":{},"b":{},"fnMap":{"0":{"name":"ActivityChart","decl":{"start":{"line":7,"column":0},"end":{"line":140,"column":1}},"loc":{"start":{"line":7,"column":0},"end":{"line":140,"column":1}},"line":7}},"f":{"0":0}}
,"C:\\Users\\nadav\\OneDrive\\Desktop\\Interactive Comments Section\\Client\\src\\Pages\\Profile\\Components\\ActivityChart\\__mocks__\\ActivityChart.jsx": {"path":"C:\\Users\\nadav\\OneDrive\\Desktop\\Interactive Comments Section\\Client\\src\\Pages\\Profile\\Components\\ActivityChart\\__mocks__\\ActivityChart.jsx","all":false,"statementMap":{"0":{"start":{"line":1,"column":0},"end":{"line":1,"column":26}},"1":{"start":{"line":2,"column":0},"end":{"line":2,"column":0}},"2":{"start":{"line":3,"column":0},"end":{"line":3,"column":35}},"3":{"start":{"line":4,"column":0},"end":{"line":4,"column":79}},"4":{"start":{"line":5,"column":0},"end":{"line":5,"column":4}},"5":{"start":{"line":6,"column":0},"end":{"line":6,"column":0}},"6":{"start":{"line":7,"column":0},"end":{"line":7,"column":35}}},"s":{"0":1,"1":1,"2":1,"3":11,"4":11,"5":1,"6":1},"branchMap":{"0":{"type":"branch","line":3,"loc":{"start":{"line":3,"column":28},"end":{"line":5,"column":4}},"locations":[{"start":{"line":3,"column":28},"end":{"line":5,"column":4}}]}},"b":{"0":[11]},"fnMap":{"0":{"name":"MockedActivityChart","decl":{"start":{"line":3,"column":28},"end":{"line":5,"column":4}},"loc":{"start":{"line":3,"column":28},"end":{"line":5,"column":4}},"line":3}},"f":{"0":11}}
,"C:\\Users\\nadav\\OneDrive\\Desktop\\Interactive Comments Section\\Client\\src\\Pages\\Profile\\Components\\Filter\\Filter.jsx": {"path":"C:\\Users\\nadav\\OneDrive\\Desktop\\Interactive Comments Section\\Client\\src\\Pages\\Profile\\Components\\Filter\\Filter.jsx","all":false,"statementMap":{"0":{"start":{"line":1,"column":0},"end":{"line":1,"column":26}},"1":{"start":{"line":2,"column":0},"end":{"line":2,"column":42}},"2":{"start":{"line":3,"column":0},"end":{"line":3,"column":44}},"3":{"start":{"line":4,"column":0},"end":{"line":4,"column":46}},"4":{"start":{"line":5,"column":0},"end":{"line":5,"column":23}},"5":{"start":{"line":6,"column":0},"end":{"line":6,"column":0}},"6":{"start":{"line":7,"column":0},"end":{"line":7,"column":85}},"7":{"start":{"line":8,"column":0},"end":{"line":8,"column":63}},"8":{"start":{"line":9,"column":0},"end":{"line":9,"column":0}},"9":{"start":{"line":10,"column":0},"end":{"line":10,"column":21}},"10":{"start":{"line":11,"column":0},"end":{"line":11,"column":58}},"11":{"start":{"line":12,"column":0},"end":{"line":12,"column":0}},"12":{"start":{"line":13,"column":0},"end":{"line":13,"column":81}},"13":{"start":{"line":14,"column":0},"end":{"line":14,"column":0}},"14":{"start":{"line":15,"column":0},"end":{"line":15,"column":40}},"15":{"start":{"line":16,"column":0},"end":{"line":16,"column":0}},"16":{"start":{"line":17,"column":0},"end":{"line":17,"column":26}},"17":{"start":{"line":18,"column":0},"end":{"line":18,"column":0}},"18":{"start":{"line":19,"column":0},"end":{"line":19,"column":0}},"19":{"start":{"line":20,"column":0},"end":{"line":20,"column":0}},"20":{"start":{"line":21,"column":0},"end":{"line":21,"column":10}},"21":{"start":{"line":22,"column":0},"end":{"line":22,"column":30}},"22":{"start":{"line":23,"column":0},"end":{"line":23,"column":12}},"23":{"start":{"line":24,"column":0},"end":{"line":24,"column":28}},"24":{"start":{"line":25,"column":0},"end":{"line":25,"column":19}},"25":{"start":{"line":26,"column":0},"end":{"line":26,"column":29}},"26":{"start":{"line":27,"column":0},"end":{"line":27,"column":68}},"27":{"start":{"line":28,"column":0},"end":{"line":28,"column":8}},"28":{"start":{"line":29,"column":0},"end":{"line":29,"column":30}},"29":{"start":{"line":30,"column":0},"end":{"line":30,"column":15}},"30":{"start":{"line":31,"column":0},"end":{"line":31,"column":34}},"31":{"start":{"line":32,"column":0},"end":{"line":32,"column":65}},"32":{"start":{"line":33,"column":0},"end":{"line":33,"column":42}},"33":{"start":{"line":34,"column":0},"end":{"line":34,"column":9}},"34":{"start":{"line":35,"column":0},"end":{"line":35,"column":49}},"35":{"start":{"line":36,"column":0},"end":{"line":36,"column":46}},"36":{"start":{"line":37,"column":0},"end":{"line":37,"column":17}},"37":{"start":{"line":38,"column":0},"end":{"line":38,"column":15}},"38":{"start":{"line":39,"column":0},"end":{"line":39,"column":36}},"39":{"start":{"line":40,"column":0},"end":{"line":40,"column":25}},"40":{"start":{"line":41,"column":0},"end":{"line":41,"column":74}},"41":{"start":{"line":42,"column":0},"end":{"line":42,"column":11}},"42":{"start":{"line":43,"column":0},"end":{"line":43,"column":9}},"43":{"start":{"line":44,"column":0},"end":{"line":44,"column":14}},"44":{"start":{"line":45,"column":0},"end":{"line":45,"column":36}},"45":{"start":{"line":46,"column":0},"end":{"line":46,"column":68}},"46":{"start":{"line":47,"column":0},"end":{"line":47,"column":27}},"47":{"start":{"line":48,"column":0},"end":{"line":48,"column":12}},"48":{"start":{"line":49,"column":0},"end":{"line":49,"column":17}},"49":{"start":{"line":50,"column":0},"end":{"line":50,"column":12}},"50":{"start":{"line":51,"column":0},"end":{"line":51,"column":10}},"51":{"start":{"line":52,"column":0},"end":{"line":52,"column":4}},"52":{"start":{"line":53,"column":0},"end":{"line":53,"column":1}},"53":{"start":{"line":54,"column":0},"end":{"line":54,"column":0}},"54":{"start":{"line":55,"column":0},"end":{"line":55,"column":22}}},"s":{"0":1,"1":1,"2":1,"3":1,"4":1,"5":1,"6":20,"7":20,"8":20,"9":20,"10":20,"11":16,"12":16,"13":16,"14":16,"15":20,"16":20,"17":20,"18":20,"19":20,"20":20,"21":20,"22":20,"23":20,"24":20,"25":20,"26":20,"27":20,"28":20,"29":20,"30":20,"31":20,"32":20,"33":20,"34":20,"35":20,"36":20,"37":20,"38":20,"39":20,"40":1,"41":20,"42":20,"43":20,"44":20,"45":20,"46":20,"47":20,"48":20,"49":20,"50":20,"51":20,"52":20,"53":1,"54":1},"branchMap":{"0":{"type":"branch","line":7,"loc":{"start":{"line":7,"column":0},"end":{"line":53,"column":1}},"locations":[{"start":{"line":7,"column":0},"end":{"line":53,"column":1}}]},"1":{"type":"branch","line":46,"loc":{"start":{"line":46,"column":49},"end":{"line":46,"column":68}},"locations":[{"start":{"line":46,"column":49},"end":{"line":46,"column":68}}]},"2":{"type":"branch","line":10,"loc":{"start":{"line":10,"column":14},"end":{"line":17,"column":8}},"locations":[{"start":{"line":10,"column":14},"end":{"line":17,"column":8}}]},"3":{"type":"branch","line":11,"loc":{"start":{"line":11,"column":52},"end":{"line":11,"column":58}},"locations":[{"start":{"line":11,"column":52},"end":{"line":11,"column":58}}]},"4":{"type":"branch","line":11,"loc":{"start":{"line":11,"column":52},"end":{"line":15,"column":40}},"locations":[{"start":{"line":11,"column":52},"end":{"line":15,"column":40}}]},"5":{"type":"branch","line":13,"loc":{"start":{"line":13,"column":33},"end":{"line":13,"column":76}},"locations":[{"start":{"line":13,"column":33},"end":{"line":13,"column":76}}]},"6":{"type":"branch","line":15,"loc":{"start":{"line":15,"column":15},"end":{"line":15,"column":40}},"locations":[{"start":{"line":15,"column":15},"end":{"line":15,"column":40}}]},"7":{"type":"branch","line":27,"loc":{"start":{"line":27,"column":18},"end":{"line":27,"column":68}},"locations":[{"start":{"line":27,"column":18},"end":{"line":27,"column":68}}]},"8":{"type":"branch","line":32,"loc":{"start":{"line":32,"column":20},"end":{"line":32,"column":65}},"locations":[{"start":{"line":32,"column":20},"end":{"line":32,"column":65}}]},"9":{"type":"branch","line":40,"loc":{"start":{"line":40,"column":19},"end":{"line":41,"column":74}},"locations":[{"start":{"line":40,"column":19},"end":{"line":41,"column":74}}]},"10":{"type":"branch","line":41,"loc":{"start":{"line":41,"column":59},"end":{"line":41,"column":73}},"locations":[{"start":{"line":41,"column":59},"end":{"line":41,"column":73}}]}},"b":{"0":[20],"1":[0],"2":[20],"3":[4],"4":[16],"5":[1],"6":[16],"7":[16],"8":[1],"9":[1],"10":[0]},"fnMap":{"0":{"name":"Filter","decl":{"start":{"line":7,"column":0},"end":{"line":53,"column":1}},"loc":{"start":{"line":7,"column":0},"end":{"line":53,"column":1}},"line":7},"1":{"name":"onChange","decl":{"start":{"line":27,"column":18},"end":{"line":27,"column":68}},"loc":{"start":{"line":27,"column":18},"end":{"line":27,"column":68}},"line":27},"2":{"name":"onChange","decl":{"start":{"line":32,"column":20},"end":{"line":32,"column":65}},"loc":{"start":{"line":32,"column":20},"end":{"line":32,"column":65}},"line":32},"3":{"name":"onClick","decl":{"start":{"line":40,"column":19},"end":{"line":41,"column":74}},"loc":{"start":{"line":40,"column":19},"end":{"line":41,"column":74}},"line":40}},"f":{"0":20,"1":16,"2":1,"3":1}}
,"C:\\Users\\nadav\\OneDrive\\Desktop\\Interactive Comments Section\\Client\\src\\Pages\\Profile\\Components\\Filter\\__mocks__\\Filter.jsx": {"path":"C:\\Users\\nadav\\OneDrive\\Desktop\\Interactive Comments Section\\Client\\src\\Pages\\Profile\\Components\\Filter\\__mocks__\\Filter.jsx","all":false,"statementMap":{"0":{"start":{"line":1,"column":0},"end":{"line":1,"column":26}},"1":{"start":{"line":2,"column":0},"end":{"line":2,"column":0}},"2":{"start":{"line":3,"column":0},"end":{"line":3,"column":28}},"3":{"start":{"line":4,"column":0},"end":{"line":4,"column":64}},"4":{"start":{"line":5,"column":0},"end":{"line":5,"column":4}},"5":{"start":{"line":6,"column":0},"end":{"line":6,"column":0}},"6":{"start":{"line":7,"column":0},"end":{"line":7,"column":28}}},"s":{"0":1,"1":1,"2":1,"3":4,"4":4,"5":1,"6":1},"branchMap":{"0":{"type":"branch","line":3,"loc":{"start":{"line":3,"column":21},"end":{"line":5,"column":4}},"locations":[{"start":{"line":3,"column":21},"end":{"line":5,"column":4}}]}},"b":{"0":[4]},"fnMap":{"0":{"name":"MockedFilter","decl":{"start":{"line":3,"column":21},"end":{"line":5,"column":4}},"loc":{"start":{"line":3,"column":21},"end":{"line":5,"column":4}},"line":3}},"f":{"0":4}}
,"C:\\Users\\nadav\\OneDrive\\Desktop\\Interactive Comments Section\\Client\\src\\Pages\\Profile\\Components\\Pagination\\Pagination.jsx": {"path":"C:\\Users\\nadav\\OneDrive\\Desktop\\Interactive Comments Section\\Client\\src\\Pages\\Profile\\Components\\Pagination\\Pagination.jsx","all":false,"statementMap":{"0":{"start":{"line":1,"column":0},"end":{"line":1,"column":27}},"1":{"start":{"line":2,"column":0},"end":{"line":2,"column":0}},"2":{"start":{"line":3,"column":0},"end":{"line":3,"column":65}},"3":{"start":{"line":4,"column":0},"end":{"line":4,"column":24}},"4":{"start":{"line":5,"column":0},"end":{"line":5,"column":90}},"5":{"start":{"line":6,"column":0},"end":{"line":6,"column":107}},"6":{"start":{"line":7,"column":0},"end":{"line":7,"column":0}},"7":{"start":{"line":8,"column":0},"end":{"line":8,"column":110}},"8":{"start":{"line":9,"column":0},"end":{"line":9,"column":0}},"9":{"start":{"line":10,"column":0},"end":{"line":10,"column":12}},"10":{"start":{"line":11,"column":0},"end":{"line":11,"column":38}},"11":{"start":{"line":12,"column":0},"end":{"line":12,"column":16}},"12":{"start":{"line":13,"column":0},"end":{"line":13,"column":65}},"13":{"start":{"line":14,"column":0},"end":{"line":14,"column":78}},"14":{"start":{"line":15,"column":0},"end":{"line":15,"column":44}},"15":{"start":{"line":16,"column":0},"end":{"line":16,"column":119}},"16":{"start":{"line":17,"column":0},"end":{"line":17,"column":37}},"17":{"start":{"line":18,"column":0},"end":{"line":18,"column":25}},"18":{"start":{"line":19,"column":0},"end":{"line":19,"column":19}},"19":{"start":{"line":20,"column":0},"end":{"line":20,"column":78}},"20":{"start":{"line":21,"column":0},"end":{"line":21,"column":74}},"21":{"start":{"line":22,"column":0},"end":{"line":22,"column":17}},"22":{"start":{"line":23,"column":0},"end":{"line":23,"column":14}},"23":{"start":{"line":24,"column":0},"end":{"line":24,"column":5}},"24":{"start":{"line":25,"column":0},"end":{"line":25,"column":1}},"25":{"start":{"line":26,"column":0},"end":{"line":26,"column":0}},"26":{"start":{"line":27,"column":0},"end":{"line":27,"column":26}}},"s":{"0":1,"1":1,"2":0,"3":0,"4":0,"5":0,"6":0,"7":0,"8":0,"9":0,"10":0,"11":0,"12":0,"13":0,"14":0,"15":0,"16":0,"17":0,"18":0,"19":0,"20":0,"21":0,"22":0,"23":0,"24":0,"25":1,"26":1},"branchMap":{},"b":{},"fnMap":{"0":{"name":"Pagination","decl":{"start":{"line":3,"column":0},"end":{"line":25,"column":1}},"loc":{"start":{"line":3,"column":0},"end":{"line":25,"column":1}},"line":3}},"f":{"0":0}}
,"C:\\Users\\nadav\\OneDrive\\Desktop\\Interactive Comments Section\\Client\\src\\Pages\\Profile\\Components\\Pagination\\__mocks__\\Pagination.jsx": {"path":"C:\\Users\\nadav\\OneDrive\\Desktop\\Interactive Comments Section\\Client\\src\\Pages\\Profile\\Components\\Pagination\\__mocks__\\Pagination.jsx","all":false,"statementMap":{"0":{"start":{"line":1,"column":0},"end":{"line":1,"column":26}},"1":{"start":{"line":2,"column":0},"end":{"line":2,"column":0}},"2":{"start":{"line":3,"column":0},"end":{"line":3,"column":32}},"3":{"start":{"line":4,"column":0},"end":{"line":4,"column":72}},"4":{"start":{"line":5,"column":0},"end":{"line":5,"column":4}},"5":{"start":{"line":6,"column":0},"end":{"line":6,"column":0}},"6":{"start":{"line":7,"column":0},"end":{"line":7,"column":32}}},"s":{"0":1,"1":1,"2":1,"3":2,"4":2,"5":1,"6":1},"branchMap":{"0":{"type":"branch","line":3,"loc":{"start":{"line":3,"column":25},"end":{"line":5,"column":4}},"locations":[{"start":{"line":3,"column":25},"end":{"line":5,"column":4}}]}},"b":{"0":[2]},"fnMap":{"0":{"name":"MockedPagination","decl":{"start":{"line":3,"column":25},"end":{"line":5,"column":4}},"loc":{"start":{"line":3,"column":25},"end":{"line":5,"column":4}},"line":3}},"f":{"0":2}}
,"C:\\Users\\nadav\\OneDrive\\Desktop\\Interactive Comments Section\\Client\\src\\Pages\\Profile\\Components\\__mocks__\\CommentReadOnly.jsx": {"path":"C:\\Users\\nadav\\OneDrive\\Desktop\\Interactive Comments Section\\Client\\src\\Pages\\Profile\\Components\\__mocks__\\CommentReadOnly.jsx","all":false,"statementMap":{"0":{"start":{"line":1,"column":0},"end":{"line":1,"column":26}},"1":{"start":{"line":2,"column":0},"end":{"line":2,"column":0}},"2":{"start":{"line":3,"column":0},"end":{"line":3,"column":29}},"3":{"start":{"line":4,"column":0},"end":{"line":4,"column":66}},"4":{"start":{"line":5,"column":0},"end":{"line":5,"column":4}},"5":{"start":{"line":6,"column":0},"end":{"line":6,"column":0}},"6":{"start":{"line":7,"column":0},"end":{"line":7,"column":29}}},"s":{"0":1,"1":1,"2":1,"3":71,"4":71,"5":1,"6":1},"branchMap":{"0":{"type":"branch","line":3,"loc":{"start":{"line":3,"column":22},"end":{"line":5,"column":4}},"locations":[{"start":{"line":3,"column":22},"end":{"line":5,"column":4}}]}},"b":{"0":[71]},"fnMap":{"0":{"name":"MockedComment","decl":{"start":{"line":3,"column":22},"end":{"line":5,"column":4}},"loc":{"start":{"line":3,"column":22},"end":{"line":5,"column":4}},"line":3}},"f":{"0":71}}
,"C:\\Users\\nadav\\OneDrive\\Desktop\\Interactive Comments Section\\Client\\src\\Pages\\Profile\\Constants\\constants.js": {"path":"C:\\Users\\nadav\\OneDrive\\Desktop\\Interactive Comments Section\\Client\\src\\Pages\\Profile\\Constants\\constants.js","all":false,"statementMap":{"0":{"start":{"line":1,"column":0},"end":{"line":1,"column":32}},"1":{"start":{"line":2,"column":0},"end":{"line":2,"column":39}},"2":{"start":{"line":3,"column":0},"end":{"line":3,"column":35}},"3":{"start":{"line":4,"column":0},"end":{"line":4,"column":38}},"4":{"start":{"line":5,"column":0},"end":{"line":5,"column":1}}},"s":{"0":1,"1":1,"2":1,"3":1,"4":1},"branchMap":{},"b":{},"fnMap":{},"f":{}}
}
